Mar 30 18:08 : exception: Failed to open '/home/mayo/.config/mpd/mpdstate': No such file or directory
Mar 30 18:08 : update: added BADBADNOTGOOD - BBNG2.zip/BADBADNOTGOOD - BBNG2 - 01 Earl (Feat. Leland Whitty).mp3
Mar 30 18:08 : update: added BADBADNOTGOOD - BBNG2.zip/BADBADNOTGOOD - BBNG2 - 02 Vices.mp3
Mar 30 18:08 : update: added BADBADNOTGOOD - BBNG2.zip/BADBADNOTGOOD - BBNG2 - 03 Rotten Decay.mp3
Mar 30 18:08 : update: added BADBADNOTGOOD - BBNG2.zip/BADBADNOTGOOD - BBNG2 - 04 Limit To Your Love.mp3
Mar 30 18:08 : update: added BADBADNOTGOOD - BBNG2.zip/BADBADNOTGOOD - BBNG2 - 05 Bastard - Lemonade.mp3
Mar 30 18:08 : update: added BADBADNOTGOOD - BBNG2.zip/BADBADNOTGOOD - BBNG2 - 06 CHSTR.mp3
Mar 30 18:08 : update: added BADBADNOTGOOD - BBNG2.zip/BADBADNOTGOOD - BBNG2 - 07 UWM (Feat. Leland Whitty).mp3
Mar 30 18:08 : update: added BADBADNOTGOOD - BBNG2.zip/BADBADNOTGOOD - BBNG2 - 08 DMZ.mp3
Mar 30 18:08 : update: added BADBADNOTGOOD - BBNG2.zip/BADBADNOTGOOD - BBNG2 - 09 CMYK.mp3
Mar 30 18:08 : update: added BADBADNOTGOOD - BBNG2.zip/BADBADNOTGOOD - BBNG2 - 10 Flashing Lights.mp3
Mar 30 18:08 : update: added BADBADNOTGOOD - BBNG2.zip/BADBADNOTGOOD - BBNG2 - 11 You Made Me Realise (Feat. Luan Phung).mp3
Mar 30 18:08 : update: added BADBADNOTGOOD - BBNG.zip/BADBADNOTGOOD - BBNG - 01 Based Is How You Feel Inside.mp3
Mar 30 18:08 : update: added BADBADNOTGOOD - BBNG.zip/BADBADNOTGOOD - BBNG - 02 Fall In Love.mp3
Mar 30 18:08 : update: added BADBADNOTGOOD - BBNG.zip/BADBADNOTGOOD - BBNG - 03 Improvised Jam.mp3
Mar 30 18:08 : update: added BADBADNOTGOOD - BBNG.zip/BADBADNOTGOOD - BBNG - 04 Mass Appeal - Transmission.mp3
Mar 30 18:08 : update: added BADBADNOTGOOD - BBNG.zip/BADBADNOTGOOD - BBNG - 05 I Got A Bad Feeling About This.mp3
Mar 30 18:08 : update: added BADBADNOTGOOD - BBNG.zip/BADBADNOTGOOD - BBNG - 06 Salmonella.mp3
Mar 30 18:08 : update: added BADBADNOTGOOD - BBNG.zip/BADBADNOTGOOD - BBNG - 07 Freedom - Billium Evans (Prod. Seeds of Yaris).mp3
Mar 30 18:08 : update: added BADBADNOTGOOD - BBNG.zip/BADBADNOTGOOD - BBNG - 08 The World Is Yours - Brooklyn Zoo.mp3
Mar 30 18:08 : update: added BADBADNOTGOOD - BBNG.zip/BADBADNOTGOOD - BBNG - 09 Listeriosis.mp3
Mar 30 18:08 : update: added BADBADNOTGOOD - BBNG.zip/BADBADNOTGOOD - BBNG - 10 Camel.mp3
Mar 30 18:08 : update: added BADBADNOTGOOD - BBNG.zip/BADBADNOTGOOD - BBNG - 11 Title Theme - Saria's Song - Song Of Storms.mp3
Mar 30 18:08 : update: added BADBADNOTGOOD - BBNG.zip/BADBADNOTGOOD - BBNG - 12 Outro - Glasper.mp3
Mar 30 18:08 : update: added wuntwo/wun two - a jazz remix by WUN TWO.mp3
Mar 30 18:08 : update: added wuntwo/wun two - the volt soul remixes.zip/wun two - the volt soul remixes - 01 codeofthestreets.mp3
Mar 30 18:08 : update: added wuntwo/wun two - the volt soul remixes.zip/wun two - the volt soul remixes - 02 doom.mp3
Mar 30 18:08 : update: added wuntwo/wun two - the volt soul remixes.zip/wun two - the volt soul remixes - 03 fadesemall.mp3
Mar 30 18:08 : update: added wuntwo/wun two - the volt soul remixes.zip/wun two - the volt soul remixes - 04 smalls.mp3
Mar 30 18:08 : update: added wuntwo/wun two - the volt soul remixes.zip/wun two - the volt soul remixes - 05 stax1.mp3
Mar 30 18:08 : update: added wuntwo/wun two - the volt soul remixes.zip/wun two - the volt soul remixes - 06 putiton.mp3
Mar 30 18:08 : update: added wuntwo/wun two - the volt soul remixes.zip/wun two - the volt soul remixes - 07 stax2.mp3
Mar 30 18:08 : update: added wuntwo/wun two - the volt soul remixes.zip/wun two - the volt soul remixes - 08 dhiss.mp3
Mar 30 18:08 : update: added caleb_belkin/Caleb Belkin - 2am.mp3
Mar 30 18:08 : update: added caleb_belkin/Caleb Belkin - reminisce.mp3
Mar 30 18:08 : update: added caleb_belkin/Caleb Belkin - snow flakes.mp3
Mar 30 18:08 : update: added caleb_belkin/Caleb Belkin - Midnight.mp3
Mar 30 18:08 : update: added caleb_belkin/Caleb Belkin - for her..mp3
Mar 30 18:08 : update: added caleb_belkin/Caleb Belkin - Summer Nights -ep.zip/Caleb Belkin - Summer Nights -ep- - 01 sunrise.mp3
Mar 30 18:08 : update: added caleb_belkin/Caleb Belkin - Summer Nights -ep.zip/Caleb Belkin - Summer Nights -ep- - 02 in time.mp3
Mar 30 18:08 : update: added caleb_belkin/Caleb Belkin - Summer Nights -ep.zip/Caleb Belkin - Summer Nights -ep- - 03 lost.mp3
Mar 30 18:08 : update: added caleb_belkin/Caleb Belkin - Summer Nights -ep.zip/Caleb Belkin - Summer Nights -ep- - 04 waiting for u.mp3
Mar 30 18:08 : update: added caleb_belkin/Caleb Belkin - Summer Nights -ep.zip/Caleb Belkin - Summer Nights -ep- - 05 forever.mp3
Mar 30 18:08 : update: added caleb_belkin/Caleb Belkin - Summer Nights -ep.zip/Caleb Belkin - Summer Nights -ep- - 06 memories.mp3
Mar 30 18:08 : update: added caleb_belkin/Caleb Belkin - Summer Nights -ep.zip/Caleb Belkin - Summer Nights -ep- - 07 dreams.mp3
Mar 30 18:08 : update: added caleb_belkin/Caleb Belkin - Summer Nights -ep.zip/Caleb Belkin - Summer Nights -ep- - 08 alone.mp3
Mar 30 18:08 : update: added caleb_belkin/Caleb Belkin - Summer Nights -ep.zip/Caleb Belkin - Summer Nights -ep- - 09 susnset.mp3
Mar 30 18:08 : update: added caleb_belkin/Caleb Belkin - Paradise.mp3
Mar 30 18:08 : update: added caleb_belkin/Caleb Belkin - flowers (Caleb Belkin x with U').mp3
Mar 30 18:08 : update: added caleb_belkin/Caleb Belkin - Life.mp3
Mar 30 18:08 : update: added caleb_belkin/Caleb Belkin - Water.mp3
Mar 30 18:08 : update: added caleb_belkin/Caleb Belkin - thinking of u..mp3
Mar 30 18:08 : update: added caleb_belkin/Caleb Belkin - Lost Samurai.mp3
Mar 30 18:08 : update: added caleb_belkin/Caleb Belkin - empty thoughts tape.zip/Caleb Belkin - empty thoughts tape - 01 by the shore -caleb belkin x lucid-.mp3
Mar 30 18:08 : update: added caleb_belkin/Caleb Belkin - empty thoughts tape.zip/Caleb Belkin - empty thoughts tape - 02 crushin'.mp3
Mar 30 18:08 : update: added caleb_belkin/Caleb Belkin - empty thoughts tape.zip/Caleb Belkin - empty thoughts tape - 03 autumn.mp3
Mar 30 18:08 : update: added caleb_belkin/Caleb Belkin - empty thoughts tape.zip/Caleb Belkin - empty thoughts tape - 04 sunset ride.mp3
Mar 30 18:08 : update: added caleb_belkin/Caleb Belkin - empty thoughts tape.zip/Caleb Belkin - empty thoughts tape - 05 Dreaming.mp3
Mar 30 18:08 : update: added caleb_belkin/Caleb Belkin - Bliss.zip/Caleb Belkin - Bliss - 01 Diamonds.mp3
Mar 30 18:08 : update: added caleb_belkin/Caleb Belkin - Bliss.zip/Caleb Belkin - Bliss - 02 Gardens.mp3
Mar 30 18:08 : update: added caleb_belkin/Caleb Belkin - Bliss.zip/Caleb Belkin - Bliss - 03 Winter.mp3
Mar 30 18:08 : update: added caleb_belkin/Caleb Belkin - Bliss.zip/Caleb Belkin - Bliss - 04 9-22.mp3
Mar 30 18:08 : update: added caleb_belkin/Caleb Belkin - Bliss.zip/Caleb Belkin - Bliss - 05 Lauren.mp3
Mar 30 18:08 : update: added caleb_belkin/Caleb Belkin - Bliss.zip/Caleb Belkin - Bliss - 06 Grean Tea.mp3
Mar 30 18:08 : update: added caleb_belkin/Caleb Belkin - Bliss.zip/Caleb Belkin - Bliss - 07 Breathe Easy.mp3
Mar 30 18:08 : update: added caleb_belkin/Caleb Belkin - Bliss.zip/Caleb Belkin - Bliss - 08 Exhale.mp3
Mar 30 18:08 : update: added caleb_belkin/Caleb Belkin - Bliss.zip/Caleb Belkin - Bliss - 09 Dusk.mp3
Mar 30 18:08 : update: added caleb_belkin/Caleb Belkin - Bliss.zip/Caleb Belkin - Bliss - 10 Willows.mp3
Mar 30 18:08 : update: added caleb_belkin/Caleb Belkin - Bliss.zip/Caleb Belkin - Bliss - 11 Plans (feat. Julian Keith).mp3
Mar 30 18:08 : update: added caleb_belkin/Caleb Belkin - Bliss.zip/Caleb Belkin - Bliss - 12 Moonlight.mp3
Mar 30 18:08 : update: added caleb_belkin/Caleb Belkin - Bliss.zip/Caleb Belkin - Bliss - 13 Everlasting.mp3
Mar 30 18:08 : update: added caleb_belkin/Caleb Belkin - Bliss.zip/Caleb Belkin - Bliss - 14 Clouds.mp3
Mar 30 18:08 : update: added caleb_belkin/Caleb Belkin - Bliss.zip/Caleb Belkin - Bliss - 15 June (feat. Gwailow).mp3
Mar 30 18:08 : update: added caleb_belkin/Caleb Belkin - Bliss.zip/Caleb Belkin - Bliss - 16 Distance.mp3
Mar 30 18:08 : update: added caleb_belkin/Caleb Belkin - Bliss.zip/Caleb Belkin - Bliss - 17 Vanity.mp3
Mar 30 18:08 : update: added caleb_belkin/Caleb Belkin - Bliss.zip/Caleb Belkin - Bliss - 18 Trees.mp3
Mar 30 18:08 : update: added caleb_belkin/Caleb Belkin - Bliss.zip/Caleb Belkin - Bliss - 19 Meadows.mp3
Mar 30 18:08 : update: added caleb_belkin/Caleb Belkin - Bliss.zip/Caleb Belkin - Bliss - 20 Day Dreaming (feat. Twosleepy).mp3
Mar 30 18:08 : update: added caleb_belkin/Caleb Belkin - I fall in love, too easily.mp3
Mar 30 18:08 : update: added jinsang/jinsang - solitude.zip/jinsang - solitude. - 01 bright..mp3
Mar 30 18:08 : update: added jinsang/jinsang - solitude.zip/jinsang - solitude. - 02 morning..mp3
Mar 30 18:08 : update: added jinsang/jinsang - solitude.zip/jinsang - solitude. - 03 pine leaves..mp3
Mar 30 18:08 : update: added jinsang/jinsang - solitude.zip/jinsang - solitude. - 04 elevated..mp3
Mar 30 18:08 : update: added jinsang/jinsang - solitude.zip/jinsang - solitude. - 05 reminisce..mp3
Mar 30 18:08 : update: added jinsang/jinsang - solitude.zip/jinsang - solitude. - 06 first luv..mp3
Mar 30 18:08 : update: added jinsang/jinsang - solitude.zip/jinsang - solitude. - 07 dusk..mp3
Mar 30 18:08 : update: added jinsang/jinsang - solitude.zip/jinsang - solitude. - 08 pure..mp3
Mar 30 18:08 : update: added jinsang/jinsang - solitude.zip/jinsang - solitude. - 09 island.mp3
Mar 30 18:08 : update: added jinsang/jinsang - solitude.zip/jinsang - solitude. - 10 sunlight..mp3
Mar 30 18:08 : update: added jinsang/jinsang - solitude.zip/jinsang - solitude. - 11 grotto.mp3
Mar 30 18:08 : update: added jinsang/jinsang - solitude.zip/jinsang - solitude. - 12 waiting..mp3
Mar 30 18:08 : update: added jinsang/jinsang - solitude.zip/jinsang - solitude. - 13 evening..mp3
Mar 30 18:08 : update: added jinsang/jinsang - solitude.zip/jinsang - solitude. - 14 night breeze.mp3
Mar 30 18:08 : update: added jinsang/jinsang - solitude.zip/jinsang - solitude. - 15 quiet.mp3
Mar 30 18:08 : update: added jinsang/jinsang - solitude.zip/jinsang - solitude. - 16 aurora..mp3
Mar 30 18:08 : update: added jinsang/jinsang - solitude.zip/jinsang - solitude. - 17 abandoned..mp3
Mar 30 18:08 : update: added jinsang/jinsang - solitude.zip/jinsang - solitude. - 18 thoughts..mp3
Mar 30 18:08 : update: added jinsang/jinsang - solitude.zip/jinsang - solitude. - 19 midnight..mp3
Mar 30 18:08 : update: added jinsang/jinsang - solitude.zip/jinsang - solitude. - 20 wander..mp3
Mar 30 18:08 : update: added jinsang/jinsang - solitude.zip/jinsang - solitude. - 21 blade.mp3
Mar 30 18:08 : update: added jinsang/jinsang - solitude.zip/jinsang - solitude. - 22 regret.mp3
Mar 30 18:08 : update: added jinsang/jinsang - solitude.zip/jinsang - solitude. - 23 smile from u..mp3
Mar 30 18:08 : update: added jinsang/jinsang - solitude.zip/jinsang - solitude. - 24 sleep.mp3
Mar 30 18:08 : update: added jinsang/jinsang - solitude.zip/jinsang - solitude. - 25 undersea..mp3
Mar 30 18:08 : update: added jinsang/jinsang - solitude.zip/jinsang - solitude. - 26 betrayal.mp3
Mar 30 18:08 : update: added jinsang/jinsang - kona park.zip/jinsang - kona park. - 01 intro.mp3
Mar 30 18:08 : update: added jinsang/jinsang - kona park.zip/jinsang - kona park. - 02 pleased to meet you.mp3
Mar 30 18:08 : update: added jinsang/jinsang - kona park.zip/jinsang - kona park. - 03 dance in the night.mp3
Mar 30 18:08 : update: added jinsang/jinsang - kona park.zip/jinsang - kona park. - 04 feelings..mp3
Mar 30 18:08 : update: added jinsang/jinsang - kona park.zip/jinsang - kona park. - 05 with.you.mp3
Mar 30 18:08 : update: added jinsang/jinsang - kona park.zip/jinsang - kona park. - 06 Kona Park.mp3
Mar 30 18:08 : update: added jinsang/jinsang - kona park.zip/jinsang - kona park. - 07 riding bikes.mp3
Mar 30 18:08 : update: added jinsang/jinsang - kona park.zip/jinsang - kona park. - 08 the.falling.leaves.mp3
Mar 30 18:08 : update: added jinsang/jinsang - kona park.zip/jinsang - kona park. - 09 homecoming - memories.mp3
Mar 30 18:08 : update: added jinsang/jinsang - kona park.zip/jinsang - kona park. - 10 to me she was mine. -outro-.mp3
Mar 30 18:08 : update: added jinsang/jinsang - gratitude.zip/jinsang - gratitude. - 01 waykup..mp3
Mar 30 18:08 : update: added jinsang/jinsang - gratitude.zip/jinsang - gratitude. - 02 breezin'.mp3
Mar 30 18:08 : update: added jinsang/jinsang - gratitude.zip/jinsang - gratitude. - 03 portland.mp3
Mar 30 18:08 : update: added jinsang/jinsang - gratitude.zip/jinsang - gratitude. - 04 girl at the bus stop.mp3
Mar 30 18:08 : update: added jinsang/jinsang - gratitude.zip/jinsang - gratitude. - 05 moonlight.mp3
Mar 30 18:08 : update: added jinsang/jinsang - gratitude.zip/jinsang - gratitude. - 06 somehow.mp3
Mar 30 18:08 : update: added jinsang/jinsang - gratitude.zip/jinsang - gratitude. - 07 this city.mp3
Mar 30 18:08 : update: added jinsang/jinsang - gratitude.zip/jinsang - gratitude. - 08 Heart.mp3
Mar 30 18:08 : update: added jinsang/jinsang - gratitude.zip/jinsang - gratitude. - 09 warm tea..mp3
Mar 30 18:08 : update: added jinsang/jinsang - gratitude.zip/jinsang - gratitude. - 10 sweet home.mp3
Mar 30 18:08 : update: added jinsang/jinsang - gratitude.zip/jinsang - gratitude. - 11 restless.mp3
Mar 30 18:08 : update: added jinsang/jinsang - gratitude.zip/jinsang - gratitude. - 12 Mirage.mp3
Mar 30 18:08 : update: added jinsang/jinsang - gratitude.zip/jinsang - gratitude. - 13 moonlight -part 2-.mp3
Mar 30 18:08 : update: added jinsang/jinsang - gratitude.zip/jinsang - gratitude. - 14 her smile.mp3
Mar 30 18:08 : update: added jinsang/jinsang - gratitude.zip/jinsang - gratitude. - 15 glow -zion t. edit-.mp3
Mar 30 18:08 : update: added jinsang/jinsang - gratitude.zip/jinsang - gratitude. - 16 Zen..mp3
Mar 30 18:08 : update: added jinsang/jinsang - gratitude.zip/jinsang - gratitude. - 17 a thousand times.mp3
Mar 30 18:08 : update: added jinsang/jinsang - gratitude.zip/jinsang - gratitude. - 18 You.mp3
Mar 30 18:08 : update: added jinsang/jinsang - gratitude.zip/jinsang - gratitude. - 19 1 AM.mp3
Mar 30 18:08 : update: added jinsang/jinsang - gratitude.zip/jinsang - gratitude. - 20 & Me.mp3
Mar 30 18:08 : update: added jinsang/jinsang - gratitude.zip/jinsang - gratitude. - 21 let.go -one 4 jun-.mp3
Mar 30 18:08 : update: added jinsang/jinsang - confessions.zip/jinsang - confessions - 01 light.mp3
Mar 30 18:08 : update: added jinsang/jinsang - confessions.zip/jinsang - confessions - 02 flow on.mp3
Mar 30 18:08 : update: added jinsang/jinsang - confessions.zip/jinsang - confessions - 03 sprung.mp3
Mar 30 18:08 : update: added jinsang/jinsang - confessions.zip/jinsang - confessions - 04 confusion.mp3
Mar 30 18:08 : update: added jinsang/jinsang - confessions.zip/jinsang - confessions - 05 empty.mp3
Mar 30 18:08 : update: added jinsang/jinsang - confessions.zip/jinsang - confessions - 06 september rain.mp3
Mar 30 18:08 : update: added jinsang/jinsang - confessions.zip/jinsang - confessions - 07 times movin' fast.mp3
Mar 30 18:08 : update: added jinsang/jinsang - confessions.zip/jinsang - confessions - 08 all that's left.mp3
Mar 30 18:08 : update: added jinsang/jinsang - confessions.zip/jinsang - confessions - 09 revelation.mp3
Mar 30 18:08 : update: added jinsang/jinsang - confessions.zip/jinsang - confessions - 10 2004.mp3
Mar 30 18:08 : update: added jinsang/jinsang - confessions.zip/jinsang - confessions - 11 youth.mp3
Mar 30 18:08 : update: added jinsang/jinsang - confessions.zip/jinsang - confessions - 12 slumpin.mp3
Mar 30 18:08 : update: added jinsang/jinsang - confessions.zip/jinsang - confessions - 13 providah.mp3
Mar 30 18:08 : update: added jinsang/jinsang - confessions.zip/jinsang - confessions - 14 gone.mp3
Mar 30 18:08 : update: added jinsang/jinsang - life.zip/jinsang - life. - 01 genesis.mp3
Mar 30 18:08 : update: added jinsang/jinsang - life.zip/jinsang - life. - 02 birthday.mp3
Mar 30 18:08 : update: added jinsang/jinsang - life.zip/jinsang - life. - 03 return.mp3
Mar 30 18:08 : update: added jinsang/jinsang - life.zip/jinsang - life. - 04 bliss.mp3
Mar 30 18:08 : update: added jinsang/jinsang - life.zip/jinsang - life. - 05 trees..mp3
Mar 30 18:08 : update: added jinsang/jinsang - life.zip/jinsang - life. - 06 herewego.mp3
Mar 30 18:08 : update: added jinsang/jinsang - life.zip/jinsang - life. - 07 in the clouds.mp3
Mar 30 18:08 : update: added jinsang/jinsang - life.zip/jinsang - life. - 08 growth.mp3
Mar 30 18:08 : update: added jinsang/jinsang - life.zip/jinsang - life. - 09 last autumn.mp3
Mar 30 18:08 : update: added jinsang/jinsang - life.zip/jinsang - life. - 10 untold.mp3
Mar 30 18:08 : update: added jinsang/jinsang - life.zip/jinsang - life. - 11 reflection.mp3
Mar 30 18:08 : update: added jinsang/jinsang - life.zip/jinsang - life. - 12 untitled6.mp3
Mar 30 18:08 : update: added jinsang/jinsang - life.zip/jinsang - life. - 13 struggles.mp3
Mar 30 18:08 : update: added jinsang/jinsang - life.zip/jinsang - life. - 14 journey.mp3
Mar 30 18:08 : update: added jinsang/jinsang - life.zip/jinsang - life. - 15 cold seas.mp3
Mar 30 18:08 : update: added jinsang/jinsang - life.zip/jinsang - life. - 16 affection.mp3
Mar 30 18:08 : update: added jinsang/jinsang - life.zip/jinsang - life. - 17 distance.mp3
Mar 30 18:08 : update: added jinsang/jinsang - life.zip/jinsang - life. - 18 tunnel vision.mp3
Mar 30 18:08 : update: added jinsang/jinsang - life.zip/jinsang - life. - 19 night hike.mp3
Mar 30 18:08 : update: added jinsang/jinsang - life.zip/jinsang - life. - 20 perceptionz.mp3
Mar 30 18:08 : update: added jinsang/jinsang - life.zip/jinsang - life. - 21 alone, together.mp3
Mar 30 18:08 : update: added jinsang/jinsang - life.zip/jinsang - life. - 22 eyes.mp3
Mar 30 18:08 : update: added jinsang/jinsang - life.zip/jinsang - life. - 23 stratosphere.mp3
Mar 30 18:08 : update: added jinsang/jinsang - life.zip/jinsang - life. - 24 past memory.mp3
Mar 30 18:08 : update: added jinsang/jinsang - life.zip/jinsang - life. - 25 learning.mp3
Mar 30 18:08 : update: added jinsang/jinsang - meditation -.ep.zip/jinsang - meditation -.ep- - 01 egyptian pools.mp3
Mar 30 18:08 : update: added jinsang/jinsang - meditation -.ep.zip/jinsang - meditation -.ep- - 02 cold wind.mp3
Mar 30 18:08 : update: added jinsang/jinsang - meditation -.ep.zip/jinsang - meditation -.ep- - 03 sunrise.mp3
Mar 30 18:08 : update: added jinsang/jinsang - meditation -.ep.zip/jinsang - meditation -.ep- - 04 droplet.mp3
Mar 30 18:08 : update: added jinsang/jinsang - meditation -.ep.zip/jinsang - meditation -.ep- - 05 umbrella.mp3
Mar 30 18:08 : update: added jinsang/jinsang - meditation -.ep.zip/jinsang - meditation -.ep- - 06 a better tomorrow.mp3
Mar 30 18:08 : update: added jinsang/jinsang - summer's day -flips.zip/jinsang - summer's day -flips- - 01 summer's day -v1-.mp3
Mar 30 18:08 : update: added jinsang/jinsang - summer's day -flips.zip/jinsang - summer's day -flips- - 02 summer's day -v2-.mp3
Mar 30 18:08 : update: added step_panther/Step-Panther - Strange But Nice.zip/Step-Panther - Strange But Nice - 01 Strange But Nice.mp3
Mar 30 18:08 : update: added step_panther/Step-Panther - Strange But Nice.zip/Step-Panther - Strange But Nice - 02 Nowhere.mp3
Mar 30 18:08 : update: added step_panther/Step-Panther - Strange But Nice.zip/Step-Panther - Strange But Nice - 03 It Came From The Heart.mp3
Mar 30 18:08 : update: added step_panther/Step-Panther - Strange But Nice.zip/Step-Panther - Strange But Nice - 04 User Friendly.mp3
Mar 30 18:08 : update: added step_panther/Step-Panther - Strange But Nice.zip/Step-Panther - Strange But Nice - 05 Candy In The Sky.mp3
Mar 30 18:08 : update: added step_panther/Step-Panther - Strange But Nice.zip/Step-Panther - Strange But Nice - 06 Up and Go.mp3
Mar 30 18:08 : update: added step_panther/Step-Panther - Strange But Nice.zip/Step-Panther - Strange But Nice - 07 Namor.mp3
Mar 30 18:08 : update: added step_panther/Step-Panther - Strange But Nice.zip/Step-Panther - Strange But Nice - 08 Parallel.mp3
Mar 30 18:08 : update: added step_panther/Step-Panther - Strange But Nice.zip/Step-Panther - Strange But Nice - 09 Something Must Be Done.mp3
Mar 30 18:08 : update: added step_panther/Step-Panther - Strange But Nice.zip/Step-Panther - Strange But Nice - 10 Let Loose.mp3
Mar 30 18:08 : update: added step_panther/Step-Panther - Strange But Nice.zip/Step-Panther - Strange But Nice - 11 Zombie Summer.mp3
Mar 30 18:08 : update: added step_panther/Step-Panther - Strange But Nice.zip/Step-Panther - Strange But Nice - 12 Number One Fan.mp3
Mar 30 18:08 : update: added louie_zong/Louie Zong - funky friends.zip/Louie Zong - funky friends - 01 latchkey cats.mp3
Mar 30 18:08 : update: added louie_zong/Louie Zong - funky friends.zip/Louie Zong - funky friends - 02 turnstile hop.mp3
Mar 30 18:08 : update: added louie_zong/Louie Zong - funky friends.zip/Louie Zong - funky friends - 03 house party.mp3
Mar 30 18:08 : update: added louie_zong/Louie Zong - funky friends.zip/Louie Zong - funky friends - 04 bodega on the corner.mp3
Mar 30 18:08 : update: added louie_zong/Louie Zong - funky friends.zip/Louie Zong - funky friends - 05 headin' downtown.mp3
Mar 30 18:08 : update: added louie_zong/Louie Zong - funky friends.zip/Louie Zong - funky friends - 06 midnight burger joint.mp3
Mar 30 18:08 : update: added louie_zong/Louie Zong - funky friends.zip/Louie Zong - funky friends - 07 maybe a crush.mp3
Mar 30 18:08 : update: added louie_zong/Louie Zong - funky friends.zip/Louie Zong - funky friends - 08 end credits.mp3
Mar 30 18:08 : update: added skunkadelics/The Skunkadelics - Almost As Good As Bad Pizza.zip/The Skunkadelics - Almost As Good As Bad Pizza - 01 Yolanda.mp3
Mar 30 18:08 : update: added skunkadelics/The Skunkadelics - Almost As Good As Bad Pizza.zip/The Skunkadelics - Almost As Good As Bad Pizza - 02 Rude Boy.mp3
Mar 30 18:08 : update: added skunkadelics/The Skunkadelics - Almost As Good As Bad Pizza.zip/The Skunkadelics - Almost As Good As Bad Pizza - 03 Da Hollow.mp3
Mar 30 18:08 : update: added skunkadelics/The Skunkadelics - Almost As Good As Bad Pizza.zip/The Skunkadelics - Almost As Good As Bad Pizza - 04 Time.mp3
Mar 30 18:08 : update: added skunkadelics/The Skunkadelics - Almost As Good As Bad Pizza.zip/The Skunkadelics - Almost As Good As Bad Pizza - 05 Step Away.mp3
Mar 30 18:08 : update: added skunkadelics/The Skunkadelics - Almost As Good As Bad Pizza.zip/The Skunkadelics - Almost As Good As Bad Pizza - 06 Oblivious.mp3
Mar 30 18:08 : update: added skunkadelics/The Skunkadelics - Almost As Good As Bad Pizza.zip/The Skunkadelics - Almost As Good As Bad Pizza - 07 I Know.mp3
Mar 30 18:08 : update: added skunkadelics/The Skunkadelics - Almost As Good As Bad Pizza.zip/The Skunkadelics - Almost As Good As Bad Pizza - 08 Circles.mp3
Mar 30 18:08 : update: added skunkadelics/The Skunkadelics - Almost As Good As Bad Pizza.zip/The Skunkadelics - Almost As Good As Bad Pizza - 09 Graveyard Stomp.mp3
Mar 30 18:08 : update: added skunkadelics/The Skunkadelics - Almost As Good As Bad Pizza.zip/The Skunkadelics - Almost As Good As Bad Pizza - 10 Get Outta My Head.mp3
Mar 30 18:08 : update: added cave_curse/Cave Curse - AANA.zip/Cave Curse - AANA - 01 Advent.mp3
Mar 30 18:08 : update: added cave_curse/Cave Curse - AANA.zip/Cave Curse - AANA - 02 A New View.mp3
Mar 30 18:08 : update: added cave_curse/Cave Curse - AANA.zip/Cave Curse - AANA - 03 Sledging.mp3
Mar 30 18:08 : update: added cave_curse/Cave Curse - AANA.zip/Cave Curse - AANA - 04 Cascade.mp3
Mar 30 18:08 : update: added cave_curse/Cave Curse - AANA.zip/Cave Curse - AANA - 05 Trek.mp3
Mar 30 18:08 : update: added cave_curse/Cave Curse - AANA.zip/Cave Curse - AANA - 06 Still Rising.mp3
Mar 30 18:08 : update: added cave_curse/Cave Curse - AANA.zip/Cave Curse - AANA - 07 Expiration.mp3
Mar 30 18:08 : update: added cave_curse/Cave Curse - AANA.zip/Cave Curse - AANA - 08 Abaddon.mp3
Mar 30 18:08 : update: added cave_curse/Cave Curse - AANA.zip/Cave Curse - AANA - 09 Float.mp3
Mar 30 18:08 : update: added cave_curse/Cave Curse - AANA.zip/Cave Curse - AANA - 10 Sheol.mp3
Mar 30 18:09 : exception: Failed to open '/home/mayo/.config/mpd/mpdstate': No such file or directory
Mar 30 21:35 : exception: Failed to open '/home/mayo/.config/mpd/mpdstate': No such file or directory
Mar 30 22:23 : exception: Failed to commit /home/mayo/.config/mpd/mpdstate: File exists
Mar 30 22:23 : exception: Failed to commit /home/mayo/.config/mpd/mpdstate: File exists
Mar 30 22:25 : update: removing BADBADNOTGOOD - BBNG.zip/BADBADNOTGOOD - BBNG - 12 Outro - Glasper.mp3
Mar 30 22:25 : update: removing BADBADNOTGOOD - BBNG.zip/BADBADNOTGOOD - BBNG - 11 Title Theme - Saria's Song - Song Of Storms.mp3
Mar 30 22:25 : update: removing BADBADNOTGOOD - BBNG.zip/BADBADNOTGOOD - BBNG - 10 Camel.mp3
Mar 30 22:25 : update: removing BADBADNOTGOOD - BBNG.zip/BADBADNOTGOOD - BBNG - 09 Listeriosis.mp3
Mar 30 22:25 : update: removing BADBADNOTGOOD - BBNG.zip/BADBADNOTGOOD - BBNG - 08 The World Is Yours - Brooklyn Zoo.mp3
Mar 30 22:25 : update: removing BADBADNOTGOOD - BBNG.zip/BADBADNOTGOOD - BBNG - 07 Freedom - Billium Evans (Prod. Seeds of Yaris).mp3
Mar 30 22:25 : update: removing BADBADNOTGOOD - BBNG.zip/BADBADNOTGOOD - BBNG - 06 Salmonella.mp3
Mar 30 22:25 : update: removing BADBADNOTGOOD - BBNG.zip/BADBADNOTGOOD - BBNG - 05 I Got A Bad Feeling About This.mp3
Mar 30 22:25 : update: removing BADBADNOTGOOD - BBNG.zip/BADBADNOTGOOD - BBNG - 04 Mass Appeal - Transmission.mp3
Mar 30 22:25 : update: removing BADBADNOTGOOD - BBNG.zip/BADBADNOTGOOD - BBNG - 03 Improvised Jam.mp3
Mar 30 22:25 : update: removing BADBADNOTGOOD - BBNG.zip/BADBADNOTGOOD - BBNG - 02 Fall In Love.mp3
Mar 30 22:25 : update: removing BADBADNOTGOOD - BBNG.zip/BADBADNOTGOOD - BBNG - 01 Based Is How You Feel Inside.mp3
Mar 30 22:25 : update: removing wuntwo/wun two - the volt soul remixes.zip/wun two - the volt soul remixes - 08 dhiss.mp3
Mar 30 22:25 : update: removing wuntwo/wun two - the volt soul remixes.zip/wun two - the volt soul remixes - 07 stax2.mp3
Mar 30 22:25 : update: removing wuntwo/wun two - the volt soul remixes.zip/wun two - the volt soul remixes - 06 putiton.mp3
Mar 30 22:25 : update: removing wuntwo/wun two - the volt soul remixes.zip/wun two - the volt soul remixes - 05 stax1.mp3
Mar 30 22:25 : update: removing wuntwo/wun two - the volt soul remixes.zip/wun two - the volt soul remixes - 04 smalls.mp3
Mar 30 22:25 : update: removing wuntwo/wun two - the volt soul remixes.zip/wun two - the volt soul remixes - 03 fadesemall.mp3
Mar 30 22:25 : update: removing wuntwo/wun two - the volt soul remixes.zip/wun two - the volt soul remixes - 02 doom.mp3
Mar 30 22:25 : update: removing wuntwo/wun two - the volt soul remixes.zip/wun two - the volt soul remixes - 01 codeofthestreets.mp3
Mar 30 22:25 : update: removing BADBADNOTGOOD - BBNG2.zip/BADBADNOTGOOD - BBNG2 - 11 You Made Me Realise (Feat. Luan Phung).mp3
Mar 30 22:25 : update: removing BADBADNOTGOOD - BBNG2.zip/BADBADNOTGOOD - BBNG2 - 10 Flashing Lights.mp3
Mar 30 22:25 : update: removing BADBADNOTGOOD - BBNG2.zip/BADBADNOTGOOD - BBNG2 - 09 CMYK.mp3
Mar 30 22:25 : update: removing BADBADNOTGOOD - BBNG2.zip/BADBADNOTGOOD - BBNG2 - 08 DMZ.mp3
Mar 30 22:25 : update: removing BADBADNOTGOOD - BBNG2.zip/BADBADNOTGOOD - BBNG2 - 07 UWM (Feat. Leland Whitty).mp3
Mar 30 22:25 : update: removing BADBADNOTGOOD - BBNG2.zip/BADBADNOTGOOD - BBNG2 - 06 CHSTR.mp3
Mar 30 22:25 : update: removing BADBADNOTGOOD - BBNG2.zip/BADBADNOTGOOD - BBNG2 - 05 Bastard - Lemonade.mp3
Mar 30 22:25 : update: removing BADBADNOTGOOD - BBNG2.zip/BADBADNOTGOOD - BBNG2 - 04 Limit To Your Love.mp3
Mar 30 22:25 : update: removing BADBADNOTGOOD - BBNG2.zip/BADBADNOTGOOD - BBNG2 - 03 Rotten Decay.mp3
Mar 30 22:25 : update: removing BADBADNOTGOOD - BBNG2.zip/BADBADNOTGOOD - BBNG2 - 02 Vices.mp3
Mar 30 22:25 : update: removing BADBADNOTGOOD - BBNG2.zip/BADBADNOTGOOD - BBNG2 - 01 Earl (Feat. Leland Whitty).mp3
Mar 30 22:25 : update: added wuntwo/volt_soul_remixes/wun two - the volt soul remixes - 01 codeofthestreets.mp3
Mar 30 22:25 : update: added wuntwo/volt_soul_remixes/wun two - the volt soul remixes - 02 doom.mp3
Mar 30 22:25 : update: added wuntwo/volt_soul_remixes/wun two - the volt soul remixes - 03 fadesemall.mp3
Mar 30 22:25 : update: added wuntwo/volt_soul_remixes/wun two - the volt soul remixes - 04 smalls.mp3
Mar 30 22:25 : update: added wuntwo/volt_soul_remixes/wun two - the volt soul remixes - 05 stax1.mp3
Mar 30 22:25 : update: added wuntwo/volt_soul_remixes/wun two - the volt soul remixes - 06 putiton.mp3
Mar 30 22:25 : update: added wuntwo/volt_soul_remixes/wun two - the volt soul remixes - 07 stax2.mp3
Mar 30 22:25 : update: added wuntwo/volt_soul_remixes/wun two - the volt soul remixes - 08 dhiss.mp3
Mar 30 22:25 : update: removing caleb_belkin/Caleb Belkin - Bliss.zip/Caleb Belkin - Bliss - 20 Day Dreaming (feat. Twosleepy).mp3
Mar 30 22:25 : update: removing caleb_belkin/Caleb Belkin - Bliss.zip/Caleb Belkin - Bliss - 19 Meadows.mp3
Mar 30 22:25 : update: removing caleb_belkin/Caleb Belkin - Bliss.zip/Caleb Belkin - Bliss - 18 Trees.mp3
Mar 30 22:25 : update: removing caleb_belkin/Caleb Belkin - Bliss.zip/Caleb Belkin - Bliss - 17 Vanity.mp3
Mar 30 22:25 : update: removing caleb_belkin/Caleb Belkin - Bliss.zip/Caleb Belkin - Bliss - 16 Distance.mp3
Mar 30 22:25 : update: removing caleb_belkin/Caleb Belkin - Bliss.zip/Caleb Belkin - Bliss - 15 June (feat. Gwailow).mp3
Mar 30 22:25 : update: removing caleb_belkin/Caleb Belkin - Bliss.zip/Caleb Belkin - Bliss - 14 Clouds.mp3
Mar 30 22:25 : update: removing caleb_belkin/Caleb Belkin - Bliss.zip/Caleb Belkin - Bliss - 13 Everlasting.mp3
Mar 30 22:25 : update: removing caleb_belkin/Caleb Belkin - Bliss.zip/Caleb Belkin - Bliss - 12 Moonlight.mp3
Mar 30 22:25 : update: removing caleb_belkin/Caleb Belkin - Bliss.zip/Caleb Belkin - Bliss - 11 Plans (feat. Julian Keith).mp3
Mar 30 22:25 : update: removing caleb_belkin/Caleb Belkin - Bliss.zip/Caleb Belkin - Bliss - 10 Willows.mp3
Mar 30 22:25 : update: removing caleb_belkin/Caleb Belkin - Bliss.zip/Caleb Belkin - Bliss - 09 Dusk.mp3
Mar 30 22:25 : update: removing caleb_belkin/Caleb Belkin - Bliss.zip/Caleb Belkin - Bliss - 08 Exhale.mp3
Mar 30 22:25 : update: removing caleb_belkin/Caleb Belkin - Bliss.zip/Caleb Belkin - Bliss - 07 Breathe Easy.mp3
Mar 30 22:25 : update: removing caleb_belkin/Caleb Belkin - Bliss.zip/Caleb Belkin - Bliss - 06 Grean Tea.mp3
Mar 30 22:25 : update: removing caleb_belkin/Caleb Belkin - Bliss.zip/Caleb Belkin - Bliss - 05 Lauren.mp3
Mar 30 22:25 : update: removing caleb_belkin/Caleb Belkin - Bliss.zip/Caleb Belkin - Bliss - 04 9-22.mp3
Mar 30 22:25 : update: removing caleb_belkin/Caleb Belkin - Bliss.zip/Caleb Belkin - Bliss - 03 Winter.mp3
Mar 30 22:25 : update: removing caleb_belkin/Caleb Belkin - Bliss.zip/Caleb Belkin - Bliss - 02 Gardens.mp3
Mar 30 22:25 : update: removing caleb_belkin/Caleb Belkin - Bliss.zip/Caleb Belkin - Bliss - 01 Diamonds.mp3
Mar 30 22:25 : update: removing caleb_belkin/Caleb Belkin - Summer Nights -ep.zip/Caleb Belkin - Summer Nights -ep- - 09 susnset.mp3
Mar 30 22:25 : update: removing caleb_belkin/Caleb Belkin - Summer Nights -ep.zip/Caleb Belkin - Summer Nights -ep- - 08 alone.mp3
Mar 30 22:25 : update: removing caleb_belkin/Caleb Belkin - Summer Nights -ep.zip/Caleb Belkin - Summer Nights -ep- - 07 dreams.mp3
Mar 30 22:25 : update: removing caleb_belkin/Caleb Belkin - Summer Nights -ep.zip/Caleb Belkin - Summer Nights -ep- - 06 memories.mp3
Mar 30 22:25 : update: removing caleb_belkin/Caleb Belkin - Summer Nights -ep.zip/Caleb Belkin - Summer Nights -ep- - 05 forever.mp3
Mar 30 22:25 : update: removing caleb_belkin/Caleb Belkin - Summer Nights -ep.zip/Caleb Belkin - Summer Nights -ep- - 04 waiting for u.mp3
Mar 30 22:25 : update: removing caleb_belkin/Caleb Belkin - Summer Nights -ep.zip/Caleb Belkin - Summer Nights -ep- - 03 lost.mp3
Mar 30 22:25 : update: removing caleb_belkin/Caleb Belkin - Summer Nights -ep.zip/Caleb Belkin - Summer Nights -ep- - 02 in time.mp3
Mar 30 22:25 : update: removing caleb_belkin/Caleb Belkin - Summer Nights -ep.zip/Caleb Belkin - Summer Nights -ep- - 01 sunrise.mp3
Mar 30 22:25 : update: removing caleb_belkin/Caleb Belkin - empty thoughts tape.zip/Caleb Belkin - empty thoughts tape - 05 Dreaming.mp3
Mar 30 22:25 : update: removing caleb_belkin/Caleb Belkin - empty thoughts tape.zip/Caleb Belkin - empty thoughts tape - 04 sunset ride.mp3
Mar 30 22:25 : update: removing caleb_belkin/Caleb Belkin - empty thoughts tape.zip/Caleb Belkin - empty thoughts tape - 03 autumn.mp3
Mar 30 22:25 : update: removing caleb_belkin/Caleb Belkin - empty thoughts tape.zip/Caleb Belkin - empty thoughts tape - 02 crushin'.mp3
Mar 30 22:25 : update: removing caleb_belkin/Caleb Belkin - empty thoughts tape.zip/Caleb Belkin - empty thoughts tape - 01 by the shore -caleb belkin x lucid-.mp3
Mar 30 22:25 : update: added caleb_belkin/bliss/Caleb Belkin - Bliss - 01 Diamonds.mp3
Mar 30 22:25 : update: added caleb_belkin/bliss/Caleb Belkin - Bliss - 02 Gardens.mp3
Mar 30 22:25 : update: added caleb_belkin/bliss/Caleb Belkin - Bliss - 03 Winter.mp3
Mar 30 22:25 : update: added caleb_belkin/bliss/Caleb Belkin - Bliss - 04 9-22.mp3
Mar 30 22:25 : update: added caleb_belkin/bliss/Caleb Belkin - Bliss - 05 Lauren.mp3
Mar 30 22:25 : update: added caleb_belkin/bliss/Caleb Belkin - Bliss - 06 Grean Tea.mp3
Mar 30 22:25 : update: added caleb_belkin/bliss/Caleb Belkin - Bliss - 07 Breathe Easy.mp3
Mar 30 22:25 : update: added caleb_belkin/bliss/Caleb Belkin - Bliss - 08 Exhale.mp3
Mar 30 22:25 : update: added caleb_belkin/bliss/Caleb Belkin - Bliss - 09 Dusk.mp3
Mar 30 22:25 : update: added caleb_belkin/bliss/Caleb Belkin - Bliss - 10 Willows.mp3
Mar 30 22:25 : update: added caleb_belkin/bliss/Caleb Belkin - Bliss - 11 Plans (feat. Julian Keith).mp3
Mar 30 22:25 : update: added caleb_belkin/bliss/Caleb Belkin - Bliss - 12 Moonlight.mp3
Mar 30 22:25 : update: added caleb_belkin/bliss/Caleb Belkin - Bliss - 13 Everlasting.mp3
Mar 30 22:25 : update: added caleb_belkin/bliss/Caleb Belkin - Bliss - 14 Clouds.mp3
Mar 30 22:25 : update: added caleb_belkin/bliss/Caleb Belkin - Bliss - 15 June (feat. Gwailow).mp3
Mar 30 22:25 : update: added caleb_belkin/bliss/Caleb Belkin - Bliss - 16 Distance.mp3
Mar 30 22:25 : update: added caleb_belkin/bliss/Caleb Belkin - Bliss - 17 Vanity.mp3
Mar 30 22:25 : update: added caleb_belkin/bliss/Caleb Belkin - Bliss - 18 Trees.mp3
Mar 30 22:25 : update: added caleb_belkin/bliss/Caleb Belkin - Bliss - 19 Meadows.mp3
Mar 30 22:25 : update: added caleb_belkin/bliss/Caleb Belkin - Bliss - 20 Day Dreaming (feat. Twosleepy).mp3
Mar 30 22:25 : update: added caleb_belkin/empty_thoughts_tape/Caleb Belkin - empty thoughts tape - 01 by the shore -caleb belkin x lucid-.mp3
Mar 30 22:25 : update: added caleb_belkin/empty_thoughts_tape/Caleb Belkin - empty thoughts tape - 02 crushin'.mp3
Mar 30 22:25 : update: added caleb_belkin/empty_thoughts_tape/Caleb Belkin - empty thoughts tape - 03 autumn.mp3
Mar 30 22:25 : update: added caleb_belkin/empty_thoughts_tape/Caleb Belkin - empty thoughts tape - 04 sunset ride.mp3
Mar 30 22:25 : update: added caleb_belkin/empty_thoughts_tape/Caleb Belkin - empty thoughts tape - 05 Dreaming.mp3
Mar 30 22:25 : update: added caleb_belkin/summer_nights/Caleb Belkin - Summer Nights -ep- - 01 sunrise.mp3
Mar 30 22:25 : update: added caleb_belkin/summer_nights/Caleb Belkin - Summer Nights -ep- - 02 in time.mp3
Mar 30 22:25 : update: added caleb_belkin/summer_nights/Caleb Belkin - Summer Nights -ep- - 03 lost.mp3
Mar 30 22:25 : update: added caleb_belkin/summer_nights/Caleb Belkin - Summer Nights -ep- - 04 waiting for u.mp3
Mar 30 22:25 : update: added caleb_belkin/summer_nights/Caleb Belkin - Summer Nights -ep- - 05 forever.mp3
Mar 30 22:25 : update: added caleb_belkin/summer_nights/Caleb Belkin - Summer Nights -ep- - 06 memories.mp3
Mar 30 22:25 : update: added caleb_belkin/summer_nights/Caleb Belkin - Summer Nights -ep- - 07 dreams.mp3
Mar 30 22:25 : update: added caleb_belkin/summer_nights/Caleb Belkin - Summer Nights -ep- - 08 alone.mp3
Mar 30 22:25 : update: added caleb_belkin/summer_nights/Caleb Belkin - Summer Nights -ep- - 09 susnset.mp3
Mar 30 22:25 : update: removing jinsang/jinsang - gratitude.zip/jinsang - gratitude. - 21 let.go -one 4 jun-.mp3
Mar 30 22:25 : update: removing jinsang/jinsang - gratitude.zip/jinsang - gratitude. - 20 & Me.mp3
Mar 30 22:25 : update: removing jinsang/jinsang - gratitude.zip/jinsang - gratitude. - 19 1 AM.mp3
Mar 30 22:25 : update: removing jinsang/jinsang - gratitude.zip/jinsang - gratitude. - 18 You.mp3
Mar 30 22:25 : update: removing jinsang/jinsang - gratitude.zip/jinsang - gratitude. - 17 a thousand times.mp3
Mar 30 22:25 : update: removing jinsang/jinsang - gratitude.zip/jinsang - gratitude. - 16 Zen..mp3
Mar 30 22:25 : update: removing jinsang/jinsang - gratitude.zip/jinsang - gratitude. - 15 glow -zion t. edit-.mp3
Mar 30 22:25 : update: removing jinsang/jinsang - gratitude.zip/jinsang - gratitude. - 14 her smile.mp3
Mar 30 22:25 : update: removing jinsang/jinsang - gratitude.zip/jinsang - gratitude. - 13 moonlight -part 2-.mp3
Mar 30 22:25 : update: removing jinsang/jinsang - gratitude.zip/jinsang - gratitude. - 12 Mirage.mp3
Mar 30 22:25 : update: removing jinsang/jinsang - gratitude.zip/jinsang - gratitude. - 11 restless.mp3
Mar 30 22:25 : update: removing jinsang/jinsang - gratitude.zip/jinsang - gratitude. - 10 sweet home.mp3
Mar 30 22:25 : update: removing jinsang/jinsang - gratitude.zip/jinsang - gratitude. - 09 warm tea..mp3
Mar 30 22:25 : update: removing jinsang/jinsang - gratitude.zip/jinsang - gratitude. - 08 Heart.mp3
Mar 30 22:25 : update: removing jinsang/jinsang - gratitude.zip/jinsang - gratitude. - 07 this city.mp3
Mar 30 22:25 : update: removing jinsang/jinsang - gratitude.zip/jinsang - gratitude. - 06 somehow.mp3
Mar 30 22:25 : update: removing jinsang/jinsang - gratitude.zip/jinsang - gratitude. - 05 moonlight.mp3
Mar 30 22:25 : update: removing jinsang/jinsang - gratitude.zip/jinsang - gratitude. - 04 girl at the bus stop.mp3
Mar 30 22:25 : update: removing jinsang/jinsang - gratitude.zip/jinsang - gratitude. - 03 portland.mp3
Mar 30 22:25 : update: removing jinsang/jinsang - gratitude.zip/jinsang - gratitude. - 02 breezin'.mp3
Mar 30 22:25 : update: removing jinsang/jinsang - gratitude.zip/jinsang - gratitude. - 01 waykup..mp3
Mar 30 22:25 : update: removing jinsang/jinsang - confessions.zip/jinsang - confessions - 14 gone.mp3
Mar 30 22:25 : update: removing jinsang/jinsang - confessions.zip/jinsang - confessions - 13 providah.mp3
Mar 30 22:25 : update: removing jinsang/jinsang - confessions.zip/jinsang - confessions - 12 slumpin.mp3
Mar 30 22:25 : update: removing jinsang/jinsang - confessions.zip/jinsang - confessions - 11 youth.mp3
Mar 30 22:25 : update: removing jinsang/jinsang - confessions.zip/jinsang - confessions - 10 2004.mp3
Mar 30 22:25 : update: removing jinsang/jinsang - confessions.zip/jinsang - confessions - 09 revelation.mp3
Mar 30 22:25 : update: removing jinsang/jinsang - confessions.zip/jinsang - confessions - 08 all that's left.mp3
Mar 30 22:25 : update: removing jinsang/jinsang - confessions.zip/jinsang - confessions - 07 times movin' fast.mp3
Mar 30 22:25 : update: removing jinsang/jinsang - confessions.zip/jinsang - confessions - 06 september rain.mp3
Mar 30 22:25 : update: removing jinsang/jinsang - confessions.zip/jinsang - confessions - 05 empty.mp3
Mar 30 22:25 : update: removing jinsang/jinsang - confessions.zip/jinsang - confessions - 04 confusion.mp3
Mar 30 22:25 : update: removing jinsang/jinsang - confessions.zip/jinsang - confessions - 03 sprung.mp3
Mar 30 22:25 : update: removing jinsang/jinsang - confessions.zip/jinsang - confessions - 02 flow on.mp3
Mar 30 22:25 : update: removing jinsang/jinsang - confessions.zip/jinsang - confessions - 01 light.mp3
Mar 30 22:25 : update: removing jinsang/jinsang - summer's day -flips.zip/jinsang - summer's day -flips- - 02 summer's day -v2-.mp3
Mar 30 22:25 : update: removing jinsang/jinsang - summer's day -flips.zip/jinsang - summer's day -flips- - 01 summer's day -v1-.mp3
Mar 30 22:25 : update: removing jinsang/jinsang - solitude.zip/jinsang - solitude. - 26 betrayal.mp3
Mar 30 22:25 : update: removing jinsang/jinsang - solitude.zip/jinsang - solitude. - 25 undersea..mp3
Mar 30 22:25 : update: removing jinsang/jinsang - solitude.zip/jinsang - solitude. - 24 sleep.mp3
Mar 30 22:25 : update: added jinsang/confessions/jinsang - confessions - 01 light.mp3
Mar 30 22:25 : update: removing jinsang/jinsang - solitude.zip/jinsang - solitude. - 23 smile from u..mp3
Mar 30 22:25 : update: removing jinsang/jinsang - solitude.zip/jinsang - solitude. - 22 regret.mp3
Mar 30 22:25 : update: removing jinsang/jinsang - solitude.zip/jinsang - solitude. - 21 blade.mp3
Mar 30 22:25 : update: removing jinsang/jinsang - solitude.zip/jinsang - solitude. - 20 wander..mp3
Mar 30 22:25 : update: removing jinsang/jinsang - solitude.zip/jinsang - solitude. - 19 midnight..mp3
Mar 30 22:25 : update: removing jinsang/jinsang - solitude.zip/jinsang - solitude. - 18 thoughts..mp3
Mar 30 22:25 : update: removing jinsang/jinsang - solitude.zip/jinsang - solitude. - 17 abandoned..mp3
Mar 30 22:25 : update: removing jinsang/jinsang - solitude.zip/jinsang - solitude. - 16 aurora..mp3
Mar 30 22:25 : update: removing jinsang/jinsang - solitude.zip/jinsang - solitude. - 15 quiet.mp3
Mar 30 22:25 : update: removing jinsang/jinsang - solitude.zip/jinsang - solitude. - 14 night breeze.mp3
Mar 30 22:25 : update: removing jinsang/jinsang - solitude.zip/jinsang - solitude. - 13 evening..mp3
Mar 30 22:25 : update: removing jinsang/jinsang - solitude.zip/jinsang - solitude. - 12 waiting..mp3
Mar 30 22:25 : update: removing jinsang/jinsang - solitude.zip/jinsang - solitude. - 11 grotto.mp3
Mar 30 22:25 : update: removing jinsang/jinsang - solitude.zip/jinsang - solitude. - 10 sunlight..mp3
Mar 30 22:25 : update: removing jinsang/jinsang - solitude.zip/jinsang - solitude. - 09 island.mp3
Mar 30 22:25 : update: removing jinsang/jinsang - solitude.zip/jinsang - solitude. - 08 pure..mp3
Mar 30 22:25 : update: removing jinsang/jinsang - solitude.zip/jinsang - solitude. - 07 dusk..mp3
Mar 30 22:25 : update: removing jinsang/jinsang - solitude.zip/jinsang - solitude. - 06 first luv..mp3
Mar 30 22:25 : update: removing jinsang/jinsang - solitude.zip/jinsang - solitude. - 05 reminisce..mp3
Mar 30 22:25 : update: removing jinsang/jinsang - solitude.zip/jinsang - solitude. - 04 elevated..mp3
Mar 30 22:25 : update: removing jinsang/jinsang - solitude.zip/jinsang - solitude. - 03 pine leaves..mp3
Mar 30 22:25 : update: removing jinsang/jinsang - solitude.zip/jinsang - solitude. - 02 morning..mp3
Mar 30 22:25 : update: removing jinsang/jinsang - solitude.zip/jinsang - solitude. - 01 bright..mp3
Mar 30 22:25 : update: removing jinsang/jinsang - meditation -.ep.zip/jinsang - meditation -.ep- - 06 a better tomorrow.mp3
Mar 30 22:25 : update: removing jinsang/jinsang - meditation -.ep.zip/jinsang - meditation -.ep- - 05 umbrella.mp3
Mar 30 22:25 : update: removing jinsang/jinsang - meditation -.ep.zip/jinsang - meditation -.ep- - 04 droplet.mp3
Mar 30 22:25 : update: removing jinsang/jinsang - meditation -.ep.zip/jinsang - meditation -.ep- - 03 sunrise.mp3
Mar 30 22:25 : update: removing jinsang/jinsang - meditation -.ep.zip/jinsang - meditation -.ep- - 02 cold wind.mp3
Mar 30 22:25 : update: removing jinsang/jinsang - meditation -.ep.zip/jinsang - meditation -.ep- - 01 egyptian pools.mp3
Mar 30 22:25 : update: removing jinsang/jinsang - life.zip/jinsang - life. - 25 learning.mp3
Mar 30 22:25 : update: removing jinsang/jinsang - life.zip/jinsang - life. - 24 past memory.mp3
Mar 30 22:25 : update: removing jinsang/jinsang - life.zip/jinsang - life. - 23 stratosphere.mp3
Mar 30 22:25 : update: removing jinsang/jinsang - life.zip/jinsang - life. - 22 eyes.mp3
Mar 30 22:25 : update: removing jinsang/jinsang - life.zip/jinsang - life. - 21 alone, together.mp3
Mar 30 22:25 : update: added jinsang/confessions/jinsang - confessions - 02 flow on.mp3
Mar 30 22:25 : update: removing jinsang/jinsang - life.zip/jinsang - life. - 20 perceptionz.mp3
Mar 30 22:25 : update: removing jinsang/jinsang - life.zip/jinsang - life. - 19 night hike.mp3
Mar 30 22:25 : update: removing jinsang/jinsang - life.zip/jinsang - life. - 18 tunnel vision.mp3
Mar 30 22:25 : update: removing jinsang/jinsang - life.zip/jinsang - life. - 17 distance.mp3
Mar 30 22:25 : update: removing jinsang/jinsang - life.zip/jinsang - life. - 16 affection.mp3
Mar 30 22:25 : update: removing jinsang/jinsang - life.zip/jinsang - life. - 15 cold seas.mp3
Mar 30 22:25 : update: removing jinsang/jinsang - life.zip/jinsang - life. - 14 journey.mp3
Mar 30 22:25 : update: removing jinsang/jinsang - life.zip/jinsang - life. - 13 struggles.mp3
Mar 30 22:25 : update: removing jinsang/jinsang - life.zip/jinsang - life. - 12 untitled6.mp3
Mar 30 22:25 : update: removing jinsang/jinsang - life.zip/jinsang - life. - 11 reflection.mp3
Mar 30 22:25 : update: removing jinsang/jinsang - life.zip/jinsang - life. - 10 untold.mp3
Mar 30 22:25 : update: removing jinsang/jinsang - life.zip/jinsang - life. - 09 last autumn.mp3
Mar 30 22:25 : update: removing jinsang/jinsang - life.zip/jinsang - life. - 08 growth.mp3
Mar 30 22:25 : update: removing jinsang/jinsang - life.zip/jinsang - life. - 07 in the clouds.mp3
Mar 30 22:25 : update: removing jinsang/jinsang - life.zip/jinsang - life. - 06 herewego.mp3
Mar 30 22:25 : update: removing jinsang/jinsang - life.zip/jinsang - life. - 05 trees..mp3
Mar 30 22:25 : update: removing jinsang/jinsang - life.zip/jinsang - life. - 04 bliss.mp3
Mar 30 22:25 : update: removing jinsang/jinsang - life.zip/jinsang - life. - 03 return.mp3
Mar 30 22:25 : update: removing jinsang/jinsang - life.zip/jinsang - life. - 02 birthday.mp3
Mar 30 22:25 : update: removing jinsang/jinsang - life.zip/jinsang - life. - 01 genesis.mp3
Mar 30 22:25 : update: removing jinsang/jinsang - kona park.zip/jinsang - kona park. - 10 to me she was mine. -outro-.mp3
Mar 30 22:25 : update: removing jinsang/jinsang - kona park.zip/jinsang - kona park. - 09 homecoming - memories.mp3
Mar 30 22:25 : update: removing jinsang/jinsang - kona park.zip/jinsang - kona park. - 08 the.falling.leaves.mp3
Mar 30 22:25 : update: removing jinsang/jinsang - kona park.zip/jinsang - kona park. - 07 riding bikes.mp3
Mar 30 22:25 : update: removing jinsang/jinsang - kona park.zip/jinsang - kona park. - 06 Kona Park.mp3
Mar 30 22:25 : update: removing jinsang/jinsang - kona park.zip/jinsang - kona park. - 05 with.you.mp3
Mar 30 22:25 : update: removing jinsang/jinsang - kona park.zip/jinsang - kona park. - 04 feelings..mp3
Mar 30 22:25 : update: removing jinsang/jinsang - kona park.zip/jinsang - kona park. - 03 dance in the night.mp3
Mar 30 22:25 : update: removing jinsang/jinsang - kona park.zip/jinsang - kona park. - 02 pleased to meet you.mp3
Mar 30 22:25 : update: removing jinsang/jinsang - kona park.zip/jinsang - kona park. - 01 intro.mp3
Mar 30 22:25 : update: added jinsang/confessions/jinsang - confessions - 03 sprung.mp3
Mar 30 22:25 : update: added jinsang/confessions/jinsang - confessions - 04 confusion.mp3
Mar 30 22:25 : update: added jinsang/confessions/jinsang - confessions - 05 empty.mp3
Mar 30 22:25 : update: added jinsang/confessions/jinsang - confessions - 06 september rain.mp3
Mar 30 22:25 : update: added jinsang/confessions/jinsang - confessions - 07 times movin' fast.mp3
Mar 30 22:25 : update: added jinsang/confessions/jinsang - confessions - 08 all that's left.mp3
Mar 30 22:25 : update: added jinsang/confessions/jinsang - confessions - 09 revelation.mp3
Mar 30 22:25 : update: added jinsang/confessions/jinsang - confessions - 10 2004.mp3
Mar 30 22:25 : update: added jinsang/confessions/jinsang - confessions - 11 youth.mp3
Mar 30 22:25 : update: added jinsang/confessions/jinsang - confessions - 12 slumpin.mp3
Mar 30 22:25 : update: added jinsang/confessions/jinsang - confessions - 13 providah.mp3
Mar 30 22:25 : update: added jinsang/confessions/jinsang - confessions - 14 gone.mp3
Mar 30 22:25 : update: added jinsang/gratitude/jinsang - gratitude. - 01 waykup..mp3
Mar 30 22:25 : update: added jinsang/gratitude/jinsang - gratitude. - 02 breezin'.mp3
Mar 30 22:25 : update: added jinsang/gratitude/jinsang - gratitude. - 03 portland.mp3
Mar 30 22:25 : update: added jinsang/gratitude/jinsang - gratitude. - 04 girl at the bus stop.mp3
Mar 30 22:25 : update: added jinsang/gratitude/jinsang - gratitude. - 05 moonlight.mp3
Mar 30 22:25 : update: added jinsang/gratitude/jinsang - gratitude. - 06 somehow.mp3
Mar 30 22:25 : update: added jinsang/gratitude/jinsang - gratitude. - 07 this city.mp3
Mar 30 22:25 : update: added jinsang/gratitude/jinsang - gratitude. - 08 Heart.mp3
Mar 30 22:25 : update: added jinsang/gratitude/jinsang - gratitude. - 09 warm tea..mp3
Mar 30 22:25 : update: added jinsang/gratitude/jinsang - gratitude. - 10 sweet home.mp3
Mar 30 22:25 : update: added jinsang/gratitude/jinsang - gratitude. - 11 restless.mp3
Mar 30 22:25 : update: added jinsang/gratitude/jinsang - gratitude. - 12 Mirage.mp3
Mar 30 22:25 : update: added jinsang/gratitude/jinsang - gratitude. - 13 moonlight -part 2-.mp3
Mar 30 22:25 : update: added jinsang/gratitude/jinsang - gratitude. - 14 her smile.mp3
Mar 30 22:25 : update: added jinsang/gratitude/jinsang - gratitude. - 15 glow -zion t. edit-.mp3
Mar 30 22:25 : update: added jinsang/gratitude/jinsang - gratitude. - 16 Zen..mp3
Mar 30 22:25 : update: added jinsang/gratitude/jinsang - gratitude. - 17 a thousand times.mp3
Mar 30 22:25 : update: added jinsang/gratitude/jinsang - gratitude. - 18 You.mp3
Mar 30 22:25 : update: added jinsang/gratitude/jinsang - gratitude. - 19 1 AM.mp3
Mar 30 22:25 : update: added jinsang/gratitude/jinsang - gratitude. - 20 & Me.mp3
Mar 30 22:25 : update: added jinsang/gratitude/jinsang - gratitude. - 21 let.go -one 4 jun-.mp3
Mar 30 22:25 : update: added jinsang/kona_park/jinsang - kona park. - 01 intro.mp3
Mar 30 22:25 : update: added jinsang/kona_park/jinsang - kona park. - 02 pleased to meet you.mp3
Mar 30 22:25 : update: added jinsang/kona_park/jinsang - kona park. - 03 dance in the night.mp3
Mar 30 22:25 : update: added jinsang/kona_park/jinsang - kona park. - 04 feelings..mp3
Mar 30 22:25 : update: added jinsang/kona_park/jinsang - kona park. - 05 with.you.mp3
Mar 30 22:25 : update: added jinsang/kona_park/jinsang - kona park. - 06 Kona Park.mp3
Mar 30 22:25 : update: added jinsang/kona_park/jinsang - kona park. - 07 riding bikes.mp3
Mar 30 22:25 : update: added jinsang/kona_park/jinsang - kona park. - 08 the.falling.leaves.mp3
Mar 30 22:25 : update: added jinsang/kona_park/jinsang - kona park. - 09 homecoming - memories.mp3
Mar 30 22:25 : update: added jinsang/kona_park/jinsang - kona park. - 10 to me she was mine. -outro-.mp3
Mar 30 22:25 : update: added jinsang/life/jinsang - life. - 01 genesis.mp3
Mar 30 22:25 : update: added jinsang/life/jinsang - life. - 02 birthday.mp3
Mar 30 22:25 : update: added jinsang/life/jinsang - life. - 03 return.mp3
Mar 30 22:25 : update: added jinsang/life/jinsang - life. - 04 bliss.mp3
Mar 30 22:25 : update: added jinsang/life/jinsang - life. - 05 trees..mp3
Mar 30 22:25 : update: added jinsang/life/jinsang - life. - 06 herewego.mp3
Mar 30 22:25 : update: added jinsang/life/jinsang - life. - 07 in the clouds.mp3
Mar 30 22:25 : update: added jinsang/life/jinsang - life. - 08 growth.mp3
Mar 30 22:25 : update: added jinsang/life/jinsang - life. - 09 last autumn.mp3
Mar 30 22:25 : update: added jinsang/life/jinsang - life. - 10 untold.mp3
Mar 30 22:25 : update: added jinsang/life/jinsang - life. - 11 reflection.mp3
Mar 30 22:25 : update: added jinsang/life/jinsang - life. - 12 untitled6.mp3
Mar 30 22:25 : update: added jinsang/life/jinsang - life. - 13 struggles.mp3
Mar 30 22:25 : update: added jinsang/life/jinsang - life. - 14 journey.mp3
Mar 30 22:25 : update: added jinsang/life/jinsang - life. - 15 cold seas.mp3
Mar 30 22:25 : update: added jinsang/life/jinsang - life. - 16 affection.mp3
Mar 30 22:25 : update: added jinsang/life/jinsang - life. - 17 distance.mp3
Mar 30 22:25 : update: added jinsang/life/jinsang - life. - 18 tunnel vision.mp3
Mar 30 22:25 : update: added jinsang/life/jinsang - life. - 19 night hike.mp3
Mar 30 22:25 : update: added jinsang/life/jinsang - life. - 20 perceptionz.mp3
Mar 30 22:25 : update: added jinsang/life/jinsang - life. - 21 alone, together.mp3
Mar 30 22:25 : update: added jinsang/life/jinsang - life. - 22 eyes.mp3
Mar 30 22:25 : update: added jinsang/life/jinsang - life. - 23 stratosphere.mp3
Mar 30 22:25 : update: added jinsang/life/jinsang - life. - 24 past memory.mp3
Mar 30 22:25 : update: added jinsang/life/jinsang - life. - 25 learning.mp3
Mar 30 22:25 : update: added jinsang/solitude/jinsang - solitude. - 01 bright..mp3
Mar 30 22:25 : update: added jinsang/solitude/jinsang - solitude. - 02 morning..mp3
Mar 30 22:25 : update: added jinsang/solitude/jinsang - solitude. - 03 pine leaves..mp3
Mar 30 22:25 : update: added jinsang/solitude/jinsang - solitude. - 04 elevated..mp3
Mar 30 22:25 : update: added jinsang/solitude/jinsang - solitude. - 05 reminisce..mp3
Mar 30 22:25 : update: added jinsang/solitude/jinsang - solitude. - 06 first luv..mp3
Mar 30 22:25 : update: added jinsang/solitude/jinsang - solitude. - 07 dusk..mp3
Mar 30 22:25 : update: added jinsang/solitude/jinsang - solitude. - 08 pure..mp3
Mar 30 22:25 : update: added jinsang/solitude/jinsang - solitude. - 09 island.mp3
Mar 30 22:25 : update: added jinsang/solitude/jinsang - solitude. - 10 sunlight..mp3
Mar 30 22:25 : update: added jinsang/solitude/jinsang - solitude. - 11 grotto.mp3
Mar 30 22:25 : update: added jinsang/solitude/jinsang - solitude. - 12 waiting..mp3
Mar 30 22:25 : update: added jinsang/solitude/jinsang - solitude. - 13 evening..mp3
Mar 30 22:25 : update: added jinsang/solitude/jinsang - solitude. - 14 night breeze.mp3
Mar 30 22:25 : update: added jinsang/solitude/jinsang - solitude. - 15 quiet.mp3
Mar 30 22:25 : update: added jinsang/solitude/jinsang - solitude. - 16 aurora..mp3
Mar 30 22:25 : update: added jinsang/solitude/jinsang - solitude. - 17 abandoned..mp3
Mar 30 22:25 : update: added jinsang/solitude/jinsang - solitude. - 18 thoughts..mp3
Mar 30 22:25 : update: added jinsang/solitude/jinsang - solitude. - 19 midnight..mp3
Mar 30 22:25 : update: added jinsang/solitude/jinsang - solitude. - 20 wander..mp3
Mar 30 22:25 : update: added jinsang/solitude/jinsang - solitude. - 21 blade.mp3
Mar 30 22:25 : update: added jinsang/solitude/jinsang - solitude. - 22 regret.mp3
Mar 30 22:25 : update: added jinsang/solitude/jinsang - solitude. - 23 smile from u..mp3
Mar 30 22:25 : update: added jinsang/solitude/jinsang - solitude. - 24 sleep.mp3
Mar 30 22:25 : update: added jinsang/solitude/jinsang - solitude. - 25 undersea..mp3
Mar 30 22:25 : update: added jinsang/solitude/jinsang - solitude. - 26 betrayal.mp3
Mar 30 22:25 : update: added jinsang/summers_day/jinsang - summer's day -flips- - 01 summer's day -v1-.mp3
Mar 30 22:25 : update: added jinsang/summers_day/jinsang - summer's day -flips- - 02 summer's day -v2-.mp3
Mar 30 22:25 : update: added jinsang/meditation/jinsang - meditation -.ep- - 01 egyptian pools.mp3
Mar 30 22:25 : update: added jinsang/meditation/jinsang - meditation -.ep- - 02 cold wind.mp3
Mar 30 22:25 : update: added jinsang/meditation/jinsang - meditation -.ep- - 03 sunrise.mp3
Mar 30 22:25 : update: added jinsang/meditation/jinsang - meditation -.ep- - 04 droplet.mp3
Mar 30 22:25 : update: added jinsang/meditation/jinsang - meditation -.ep- - 05 umbrella.mp3
Mar 30 22:25 : update: added jinsang/meditation/jinsang - meditation -.ep- - 06 a better tomorrow.mp3
Mar 30 22:25 : update: removing step_panther/Step-Panther - Strange But Nice.zip/Step-Panther - Strange But Nice - 12 Number One Fan.mp3
Mar 30 22:25 : update: removing step_panther/Step-Panther - Strange But Nice.zip/Step-Panther - Strange But Nice - 11 Zombie Summer.mp3
Mar 30 22:25 : update: removing step_panther/Step-Panther - Strange But Nice.zip/Step-Panther - Strange But Nice - 10 Let Loose.mp3
Mar 30 22:25 : update: removing step_panther/Step-Panther - Strange But Nice.zip/Step-Panther - Strange But Nice - 09 Something Must Be Done.mp3
Mar 30 22:25 : update: removing step_panther/Step-Panther - Strange But Nice.zip/Step-Panther - Strange But Nice - 08 Parallel.mp3
Mar 30 22:25 : update: removing step_panther/Step-Panther - Strange But Nice.zip/Step-Panther - Strange But Nice - 07 Namor.mp3
Mar 30 22:25 : update: removing step_panther/Step-Panther - Strange But Nice.zip/Step-Panther - Strange But Nice - 06 Up and Go.mp3
Mar 30 22:25 : update: removing step_panther/Step-Panther - Strange But Nice.zip/Step-Panther - Strange But Nice - 05 Candy In The Sky.mp3
Mar 30 22:25 : update: removing step_panther/Step-Panther - Strange But Nice.zip/Step-Panther - Strange But Nice - 04 User Friendly.mp3
Mar 30 22:25 : update: removing step_panther/Step-Panther - Strange But Nice.zip/Step-Panther - Strange But Nice - 03 It Came From The Heart.mp3
Mar 30 22:25 : update: removing step_panther/Step-Panther - Strange But Nice.zip/Step-Panther - Strange But Nice - 02 Nowhere.mp3
Mar 30 22:25 : update: removing step_panther/Step-Panther - Strange But Nice.zip/Step-Panther - Strange But Nice - 01 Strange But Nice.mp3
Mar 30 22:25 : update: added step_panther/strange_but_nice/Step-Panther - Strange But Nice - 01 Strange But Nice.mp3
Mar 30 22:25 : update: added step_panther/strange_but_nice/Step-Panther - Strange But Nice - 02 Nowhere.mp3
Mar 30 22:25 : update: added step_panther/strange_but_nice/Step-Panther - Strange But Nice - 03 It Came From The Heart.mp3
Mar 30 22:25 : update: added step_panther/strange_but_nice/Step-Panther - Strange But Nice - 04 User Friendly.mp3
Mar 30 22:25 : update: added step_panther/strange_but_nice/Step-Panther - Strange But Nice - 05 Candy In The Sky.mp3
Mar 30 22:25 : update: added step_panther/strange_but_nice/Step-Panther - Strange But Nice - 06 Up and Go.mp3
Mar 30 22:25 : update: added step_panther/strange_but_nice/Step-Panther - Strange But Nice - 07 Namor.mp3
Mar 30 22:25 : update: added step_panther/strange_but_nice/Step-Panther - Strange But Nice - 08 Parallel.mp3
Mar 30 22:25 : update: added step_panther/strange_but_nice/Step-Panther - Strange But Nice - 09 Something Must Be Done.mp3
Mar 30 22:25 : update: added step_panther/strange_but_nice/Step-Panther - Strange But Nice - 10 Let Loose.mp3
Mar 30 22:25 : update: added step_panther/strange_but_nice/Step-Panther - Strange But Nice - 11 Zombie Summer.mp3
Mar 30 22:25 : update: added step_panther/strange_but_nice/Step-Panther - Strange But Nice - 12 Number One Fan.mp3
Mar 30 22:25 : update: removing louie_zong/Louie Zong - funky friends.zip/Louie Zong - funky friends - 08 end credits.mp3
Mar 30 22:25 : update: removing louie_zong/Louie Zong - funky friends.zip/Louie Zong - funky friends - 07 maybe a crush.mp3
Mar 30 22:25 : update: removing louie_zong/Louie Zong - funky friends.zip/Louie Zong - funky friends - 06 midnight burger joint.mp3
Mar 30 22:25 : update: removing louie_zong/Louie Zong - funky friends.zip/Louie Zong - funky friends - 05 headin' downtown.mp3
Mar 30 22:25 : update: removing louie_zong/Louie Zong - funky friends.zip/Louie Zong - funky friends - 04 bodega on the corner.mp3
Mar 30 22:25 : update: removing louie_zong/Louie Zong - funky friends.zip/Louie Zong - funky friends - 03 house party.mp3
Mar 30 22:25 : update: removing louie_zong/Louie Zong - funky friends.zip/Louie Zong - funky friends - 02 turnstile hop.mp3
Mar 30 22:25 : update: removing louie_zong/Louie Zong - funky friends.zip/Louie Zong - funky friends - 01 latchkey cats.mp3
Mar 30 22:25 : update: added louie_zong/funky_friends/Louie Zong - funky friends - 01 latchkey cats.mp3
Mar 30 22:25 : update: added louie_zong/funky_friends/Louie Zong - funky friends - 02 turnstile hop.mp3
Mar 30 22:25 : update: added louie_zong/funky_friends/Louie Zong - funky friends - 03 house party.mp3
Mar 30 22:25 : update: added louie_zong/funky_friends/Louie Zong - funky friends - 04 bodega on the corner.mp3
Mar 30 22:25 : update: added louie_zong/funky_friends/Louie Zong - funky friends - 05 headin' downtown.mp3
Mar 30 22:25 : update: added louie_zong/funky_friends/Louie Zong - funky friends - 06 midnight burger joint.mp3
Mar 30 22:25 : update: added louie_zong/funky_friends/Louie Zong - funky friends - 07 maybe a crush.mp3
Mar 30 22:25 : update: added louie_zong/funky_friends/Louie Zong - funky friends - 08 end credits.mp3
Mar 30 22:25 : update: removing skunkadelics/The Skunkadelics - Almost As Good As Bad Pizza.zip/The Skunkadelics - Almost As Good As Bad Pizza - 10 Get Outta My Head.mp3
Mar 30 22:25 : update: removing skunkadelics/The Skunkadelics - Almost As Good As Bad Pizza.zip/The Skunkadelics - Almost As Good As Bad Pizza - 09 Graveyard Stomp.mp3
Mar 30 22:25 : update: removing skunkadelics/The Skunkadelics - Almost As Good As Bad Pizza.zip/The Skunkadelics - Almost As Good As Bad Pizza - 08 Circles.mp3
Mar 30 22:25 : update: removing skunkadelics/The Skunkadelics - Almost As Good As Bad Pizza.zip/The Skunkadelics - Almost As Good As Bad Pizza - 07 I Know.mp3
Mar 30 22:25 : update: removing skunkadelics/The Skunkadelics - Almost As Good As Bad Pizza.zip/The Skunkadelics - Almost As Good As Bad Pizza - 06 Oblivious.mp3
Mar 30 22:25 : update: removing skunkadelics/The Skunkadelics - Almost As Good As Bad Pizza.zip/The Skunkadelics - Almost As Good As Bad Pizza - 05 Step Away.mp3
Mar 30 22:25 : update: removing skunkadelics/The Skunkadelics - Almost As Good As Bad Pizza.zip/The Skunkadelics - Almost As Good As Bad Pizza - 04 Time.mp3
Mar 30 22:25 : update: removing skunkadelics/The Skunkadelics - Almost As Good As Bad Pizza.zip/The Skunkadelics - Almost As Good As Bad Pizza - 03 Da Hollow.mp3
Mar 30 22:25 : update: removing skunkadelics/The Skunkadelics - Almost As Good As Bad Pizza.zip/The Skunkadelics - Almost As Good As Bad Pizza - 02 Rude Boy.mp3
Mar 30 22:25 : update: removing skunkadelics/The Skunkadelics - Almost As Good As Bad Pizza.zip/The Skunkadelics - Almost As Good As Bad Pizza - 01 Yolanda.mp3
Mar 30 22:25 : update: added skunkadelics/almost_as_good_as_bad_pizza/The Skunkadelics - Almost As Good As Bad Pizza - 01 Yolanda.mp3
Mar 30 22:25 : update: added skunkadelics/almost_as_good_as_bad_pizza/The Skunkadelics - Almost As Good As Bad Pizza - 02 Rude Boy.mp3
Mar 30 22:25 : update: added skunkadelics/almost_as_good_as_bad_pizza/The Skunkadelics - Almost As Good As Bad Pizza - 03 Da Hollow.mp3
Mar 30 22:25 : update: added skunkadelics/almost_as_good_as_bad_pizza/The Skunkadelics - Almost As Good As Bad Pizza - 04 Time.mp3
Mar 30 22:25 : update: added skunkadelics/almost_as_good_as_bad_pizza/The Skunkadelics - Almost As Good As Bad Pizza - 05 Step Away.mp3
Mar 30 22:25 : update: added skunkadelics/almost_as_good_as_bad_pizza/The Skunkadelics - Almost As Good As Bad Pizza - 06 Oblivious.mp3
Mar 30 22:25 : update: added skunkadelics/almost_as_good_as_bad_pizza/The Skunkadelics - Almost As Good As Bad Pizza - 07 I Know.mp3
Mar 30 22:25 : update: added skunkadelics/almost_as_good_as_bad_pizza/The Skunkadelics - Almost As Good As Bad Pizza - 08 Circles.mp3
Mar 30 22:25 : update: added skunkadelics/almost_as_good_as_bad_pizza/The Skunkadelics - Almost As Good As Bad Pizza - 09 Graveyard Stomp.mp3
Mar 30 22:25 : update: added skunkadelics/almost_as_good_as_bad_pizza/The Skunkadelics - Almost As Good As Bad Pizza - 10 Get Outta My Head.mp3
Mar 30 22:25 : update: removing cave_curse/Cave Curse - AANA.zip/Cave Curse - AANA - 10 Sheol.mp3
Mar 30 22:25 : update: removing cave_curse/Cave Curse - AANA.zip/Cave Curse - AANA - 09 Float.mp3
Mar 30 22:25 : update: removing cave_curse/Cave Curse - AANA.zip/Cave Curse - AANA - 08 Abaddon.mp3
Mar 30 22:25 : update: removing cave_curse/Cave Curse - AANA.zip/Cave Curse - AANA - 07 Expiration.mp3
Mar 30 22:25 : update: removing cave_curse/Cave Curse - AANA.zip/Cave Curse - AANA - 06 Still Rising.mp3
Mar 30 22:25 : update: removing cave_curse/Cave Curse - AANA.zip/Cave Curse - AANA - 05 Trek.mp3
Mar 30 22:25 : update: removing cave_curse/Cave Curse - AANA.zip/Cave Curse - AANA - 04 Cascade.mp3
Mar 30 22:25 : update: removing cave_curse/Cave Curse - AANA.zip/Cave Curse - AANA - 03 Sledging.mp3
Mar 30 22:25 : update: removing cave_curse/Cave Curse - AANA.zip/Cave Curse - AANA - 02 A New View.mp3
Mar 30 22:25 : update: removing cave_curse/Cave Curse - AANA.zip/Cave Curse - AANA - 01 Advent.mp3
Mar 30 22:25 : update: added cave_curse/aana/Cave Curse - AANA - 01 Advent.mp3
Mar 30 22:25 : update: added cave_curse/aana/Cave Curse - AANA - 02 A New View.mp3
Mar 30 22:25 : update: added cave_curse/aana/Cave Curse - AANA - 03 Sledging.mp3
Mar 30 22:25 : update: added cave_curse/aana/Cave Curse - AANA - 04 Cascade.mp3
Mar 30 22:25 : update: added cave_curse/aana/Cave Curse - AANA - 05 Trek.mp3
Mar 30 22:25 : update: added cave_curse/aana/Cave Curse - AANA - 06 Still Rising.mp3
Mar 30 22:25 : update: added cave_curse/aana/Cave Curse - AANA - 07 Expiration.mp3
Mar 30 22:25 : update: added cave_curse/aana/Cave Curse - AANA - 08 Abaddon.mp3
Mar 30 22:25 : update: added cave_curse/aana/Cave Curse - AANA - 09 Float.mp3
Mar 30 22:25 : update: added cave_curse/aana/Cave Curse - AANA - 10 Sheol.mp3
Mar 30 22:25 : update: added bbng/bbng2/BADBADNOTGOOD - BBNG2 - 01 Earl (Feat. Leland Whitty).mp3
Mar 30 22:25 : update: added bbng/bbng2/BADBADNOTGOOD - BBNG2 - 02 Vices.mp3
Mar 30 22:25 : update: added bbng/bbng2/BADBADNOTGOOD - BBNG2 - 03 Rotten Decay.mp3
Mar 30 22:25 : update: added bbng/bbng2/BADBADNOTGOOD - BBNG2 - 04 Limit To Your Love.mp3
Mar 30 22:25 : update: added bbng/bbng2/BADBADNOTGOOD - BBNG2 - 05 Bastard - Lemonade.mp3
Mar 30 22:25 : update: added bbng/bbng2/BADBADNOTGOOD - BBNG2 - 06 CHSTR.mp3
Mar 30 22:25 : update: added bbng/bbng2/BADBADNOTGOOD - BBNG2 - 07 UWM (Feat. Leland Whitty).mp3
Mar 30 22:25 : update: added bbng/bbng2/BADBADNOTGOOD - BBNG2 - 08 DMZ.mp3
Mar 30 22:25 : update: added bbng/bbng2/BADBADNOTGOOD - BBNG2 - 09 CMYK.mp3
Mar 30 22:25 : update: added bbng/bbng2/BADBADNOTGOOD - BBNG2 - 10 Flashing Lights.mp3
Mar 30 22:25 : update: added bbng/bbng2/BADBADNOTGOOD - BBNG2 - 11 You Made Me Realise (Feat. Luan Phung).mp3
Mar 30 22:25 : update: added bbng/bbng/BADBADNOTGOOD - BBNG - 01 Based Is How You Feel Inside.mp3
Mar 30 22:25 : update: added bbng/bbng/BADBADNOTGOOD - BBNG - 02 Fall In Love.mp3
Mar 30 22:25 : update: added bbng/bbng/BADBADNOTGOOD - BBNG - 03 Improvised Jam.mp3
Mar 30 22:25 : update: added bbng/bbng/BADBADNOTGOOD - BBNG - 04 Mass Appeal - Transmission.mp3
Mar 30 22:25 : update: added bbng/bbng/BADBADNOTGOOD - BBNG - 05 I Got A Bad Feeling About This.mp3
Mar 30 22:25 : update: added bbng/bbng/BADBADNOTGOOD - BBNG - 06 Salmonella.mp3
Mar 30 22:25 : update: added bbng/bbng/BADBADNOTGOOD - BBNG - 07 Freedom - Billium Evans (Prod. Seeds of Yaris).mp3
Mar 30 22:25 : update: added bbng/bbng/BADBADNOTGOOD - BBNG - 08 The World Is Yours - Brooklyn Zoo.mp3
Mar 30 22:25 : update: added bbng/bbng/BADBADNOTGOOD - BBNG - 09 Listeriosis.mp3
Mar 30 22:25 : update: added bbng/bbng/BADBADNOTGOOD - BBNG - 10 Camel.mp3
Mar 30 22:25 : update: added bbng/bbng/BADBADNOTGOOD - BBNG - 11 Title Theme - Saria's Song - Song Of Storms.mp3
Mar 30 22:25 : update: added bbng/bbng/BADBADNOTGOOD - BBNG - 12 Outro - Glasper.mp3
Mar 31 22:44 : player: played "bbng/bbng/BADBADNOTGOOD - BBNG - 11 Title Theme - Saria's Song - Song Of Storms.mp3"
Mar 31 23:14 : player: played "bbng/bbng/BADBADNOTGOOD - BBNG - 11 Title Theme - Saria's Song - Song Of Storms.mp3"
Apr 01 14:57 : player: played "bbng/bbng/BADBADNOTGOOD - BBNG - 11 Title Theme - Saria's Song - Song Of Storms.mp3"
Apr 01 14:59 : player: played "bbng/bbng/BADBADNOTGOOD - BBNG - 12 Outro - Glasper.mp3"
Apr 01 15:03 : player: played "bbng/bbng2/BADBADNOTGOOD - BBNG2 - 01 Earl (Feat. Leland Whitty).mp3"
Apr 01 15:07 : player: played "bbng/bbng2/BADBADNOTGOOD - BBNG2 - 02 Vices.mp3"
Apr 01 15:14 : player: played "bbng/bbng2/BADBADNOTGOOD - BBNG2 - 03 Rotten Decay.mp3"
Apr 01 15:18 : player: played "bbng/bbng2/BADBADNOTGOOD - BBNG2 - 04 Limit To Your Love.mp3"
Apr 01 15:25 : player: played "bbng/bbng2/BADBADNOTGOOD - BBNG2 - 05 Bastard - Lemonade.mp3"
Apr 01 15:31 : player: played "bbng/bbng2/BADBADNOTGOOD - BBNG2 - 06 CHSTR.mp3"
Apr 01 15:32 : player: played "bbng/bbng2/BADBADNOTGOOD - BBNG2 - 07 UWM (Feat. Leland Whitty).mp3"
Apr 01 15:37 : player: played "bbng/bbng2/BADBADNOTGOOD - BBNG2 - 07 UWM (Feat. Leland Whitty).mp3"
Apr 01 15:43 : player: played "bbng/bbng2/BADBADNOTGOOD - BBNG2 - 08 DMZ.mp3"
Apr 01 15:44 : player: played "bbng/bbng2/BADBADNOTGOOD - BBNG2 - 09 CMYK.mp3"
Apr 01 15:50 : player: played "bbng/bbng2/BADBADNOTGOOD - BBNG2 - 09 CMYK.mp3"
Apr 01 15:57 : player: played "bbng/bbng2/BADBADNOTGOOD - BBNG2 - 10 Flashing Lights.mp3"
Apr 01 16:03 : player: played "bbng/bbng2/BADBADNOTGOOD - BBNG2 - 11 You Made Me Realise (Feat. Luan Phung).mp3"
Apr 01 16:04 : player: played "jinsang/confessions/jinsang - confessions - 01 light.mp3"
Apr 01 16:08 : player: played "jinsang/confessions/jinsang - confessions - 02 flow on.mp3"
Apr 01 16:12 : player: played "jinsang/confessions/jinsang - confessions - 04 confusion.mp3"
Apr 01 16:14 : player: played "jinsang/confessions/jinsang - confessions - 05 empty.mp3"
Apr 01 16:16 : player: played "jinsang/confessions/jinsang - confessions - 06 september rain.mp3"
Apr 01 16:20 : player: played "jinsang/confessions/jinsang - confessions - 07 times movin' fast.mp3"
Apr 01 16:23 : player: played "jinsang/confessions/jinsang - confessions - 08 all that's left.mp3"
Apr 01 16:25 : player: played "jinsang/confessions/jinsang - confessions - 09 revelation.mp3"
Apr 01 16:27 : player: played "jinsang/confessions/jinsang - confessions - 10 2004.mp3"
Apr 01 16:28 : player: played "jinsang/confessions/jinsang - confessions - 11 youth.mp3"
Apr 01 16:31 : player: played "jinsang/confessions/jinsang - confessions - 12 slumpin.mp3"
Apr 01 17:53 : player: played "jinsang/confessions/jinsang - confessions - 13 providah.mp3"
Apr 01 17:55 : player: played "jinsang/confessions/jinsang - confessions - 14 gone.mp3"
Apr 01 17:56 : player: played "jinsang/gratitude/jinsang - gratitude. - 01 waykup..mp3"
Apr 01 17:57 : player: played "jinsang/gratitude/jinsang - gratitude. - 02 breezin'.mp3"
Apr 01 17:59 : player: played "jinsang/gratitude/jinsang - gratitude. - 03 portland.mp3"
Apr 01 18:01 : player: played "jinsang/gratitude/jinsang - gratitude. - 04 girl at the bus stop.mp3"
Apr 01 18:02 : player: played "jinsang/gratitude/jinsang - gratitude. - 05 moonlight.mp3"
Apr 01 18:03 : player: played "jinsang/gratitude/jinsang - gratitude. - 06 somehow.mp3"
Apr 01 18:05 : player: played "jinsang/gratitude/jinsang - gratitude. - 07 this city.mp3"
Apr 01 18:06 : player: played "jinsang/gratitude/jinsang - gratitude. - 08 Heart.mp3"
Apr 01 18:07 : player: played "jinsang/gratitude/jinsang - gratitude. - 09 warm tea..mp3"
Apr 01 18:08 : player: played "jinsang/gratitude/jinsang - gratitude. - 10 sweet home.mp3"
Apr 01 18:10 : player: played "jinsang/gratitude/jinsang - gratitude. - 11 restless.mp3"
Apr 01 18:12 : player: played "jinsang/gratitude/jinsang - gratitude. - 12 Mirage.mp3"
Apr 01 18:14 : player: played "jinsang/gratitude/jinsang - gratitude. - 13 moonlight -part 2-.mp3"
Apr 01 18:15 : player: played "jinsang/gratitude/jinsang - gratitude. - 14 her smile.mp3"
Apr 01 18:17 : player: played "jinsang/gratitude/jinsang - gratitude. - 15 glow -zion t. edit-.mp3"
Apr 01 18:19 : player: played "jinsang/gratitude/jinsang - gratitude. - 16 Zen..mp3"
Apr 01 18:20 : player: played "jinsang/gratitude/jinsang - gratitude. - 17 a thousand times.mp3"
Apr 01 18:22 : player: played "jinsang/gratitude/jinsang - gratitude. - 18 You.mp3"
Apr 01 18:22 : player: played "jinsang/gratitude/jinsang - gratitude. - 19 1 AM.mp3"
Apr 01 18:24 : player: played "jinsang/gratitude/jinsang - gratitude. - 20 & Me.mp3"
Apr 01 18:26 : player: played "jinsang/gratitude/jinsang - gratitude. - 21 let.go -one 4 jun-.mp3"
Apr 01 18:27 : player: played "jinsang/kona_park/jinsang - kona park. - 01 intro.mp3"
Apr 01 18:30 : player: played "jinsang/kona_park/jinsang - kona park. - 02 pleased to meet you.mp3"
Apr 01 18:33 : player: played "jinsang/kona_park/jinsang - kona park. - 03 dance in the night.mp3"
Apr 01 18:36 : player: played "jinsang/kona_park/jinsang - kona park. - 04 feelings..mp3"
Apr 01 18:40 : player: played "jinsang/kona_park/jinsang - kona park. - 05 with.you.mp3"
Apr 01 18:43 : player: played "jinsang/kona_park/jinsang - kona park. - 06 Kona Park.mp3"
Apr 01 18:44 : player: played "jinsang/kona_park/jinsang - kona park. - 07 riding bikes.mp3"
Apr 01 18:46 : player: played "jinsang/kona_park/jinsang - kona park. - 08 the.falling.leaves.mp3"
Apr 01 18:50 : player: played "jinsang/kona_park/jinsang - kona park. - 09 homecoming - memories.mp3"
Apr 01 18:52 : player: played "jinsang/kona_park/jinsang - kona park. - 10 to me she was mine. -outro-.mp3"
Apr 01 18:53 : player: played "jinsang/life/jinsang - life. - 01 genesis.mp3"
Apr 01 18:54 : player: played "jinsang/life/jinsang - life. - 02 birthday.mp3"
Apr 01 18:56 : player: played "jinsang/life/jinsang - life. - 03 return.mp3"
Apr 01 18:58 : player: played "jinsang/life/jinsang - life. - 04 bliss.mp3"
Apr 01 18:59 : player: played "jinsang/life/jinsang - life. - 05 trees..mp3"
Apr 01 19:02 : player: played "jinsang/life/jinsang - life. - 06 herewego.mp3"
Apr 01 19:04 : player: played "jinsang/life/jinsang - life. - 07 in the clouds.mp3"
Apr 01 19:05 : player: played "jinsang/life/jinsang - life. - 08 growth.mp3"
Apr 01 19:06 : player: played "jinsang/life/jinsang - life. - 09 last autumn.mp3"
Apr 01 19:08 : player: played "jinsang/life/jinsang - life. - 10 untold.mp3"
Apr 01 19:11 : player: played "jinsang/life/jinsang - life. - 11 reflection.mp3"
Apr 01 19:12 : player: played "jinsang/life/jinsang - life. - 12 untitled6.mp3"
Apr 01 19:13 : player: played "jinsang/life/jinsang - life. - 13 struggles.mp3"
Apr 01 19:16 : player: played "jinsang/life/jinsang - life. - 14 journey.mp3"
Apr 01 19:19 : player: played "jinsang/life/jinsang - life. - 15 cold seas.mp3"
Apr 01 19:21 : player: played "jinsang/life/jinsang - life. - 16 affection.mp3"
Apr 01 19:22 : player: played "jinsang/life/jinsang - life. - 17 distance.mp3"
Apr 01 19:24 : player: played "jinsang/life/jinsang - life. - 18 tunnel vision.mp3"
Apr 01 19:26 : player: played "jinsang/life/jinsang - life. - 19 night hike.mp3"
Apr 01 19:28 : player: played "jinsang/life/jinsang - life. - 20 perceptionz.mp3"
Apr 01 19:30 : player: played "jinsang/life/jinsang - life. - 21 alone, together.mp3"
Apr 01 19:31 : player: played "jinsang/life/jinsang - life. - 22 eyes.mp3"
Apr 01 19:33 : player: played "jinsang/life/jinsang - life. - 23 stratosphere.mp3"
Apr 01 19:35 : player: played "jinsang/life/jinsang - life. - 24 past memory.mp3"
Apr 01 19:38 : player: played "jinsang/life/jinsang - life. - 25 learning.mp3"
Apr 01 19:40 : player: played "jinsang/meditation/jinsang - meditation -.ep- - 01 egyptian pools.mp3"
Apr 01 19:42 : player: played "jinsang/meditation/jinsang - meditation -.ep- - 02 cold wind.mp3"
Apr 01 19:43 : player: played "jinsang/meditation/jinsang - meditation -.ep- - 03 sunrise.mp3"
Apr 01 19:44 : player: played "jinsang/meditation/jinsang - meditation -.ep- - 04 droplet.mp3"
Apr 01 19:47 : player: played "jinsang/meditation/jinsang - meditation -.ep- - 05 umbrella.mp3"
Apr 01 19:49 : player: played "jinsang/meditation/jinsang - meditation -.ep- - 06 a better tomorrow.mp3"
Apr 01 19:51 : player: played "jinsang/solitude/jinsang - solitude. - 01 bright..mp3"
Apr 01 19:52 : player: played "jinsang/solitude/jinsang - solitude. - 02 morning..mp3"
Apr 01 19:53 : player: played "jinsang/solitude/jinsang - solitude. - 03 pine leaves..mp3"
Apr 01 19:56 : player: played "jinsang/solitude/jinsang - solitude. - 04 elevated..mp3"
Apr 01 19:57 : player: played "jinsang/solitude/jinsang - solitude. - 05 reminisce..mp3"
Apr 01 19:59 : player: played "jinsang/solitude/jinsang - solitude. - 06 first luv..mp3"
Apr 01 20:01 : player: played "jinsang/solitude/jinsang - solitude. - 07 dusk..mp3"
Apr 01 20:02 : player: played "jinsang/solitude/jinsang - solitude. - 08 pure..mp3"
Apr 01 20:05 : player: played "jinsang/solitude/jinsang - solitude. - 09 island.mp3"
Apr 01 20:07 : player: played "jinsang/solitude/jinsang - solitude. - 10 sunlight..mp3"
Apr 01 20:08 : player: played "jinsang/solitude/jinsang - solitude. - 11 grotto.mp3"
Apr 01 20:10 : player: played "jinsang/solitude/jinsang - solitude. - 12 waiting..mp3"
Apr 01 20:11 : player: played "jinsang/solitude/jinsang - solitude. - 13 evening..mp3"
Apr 01 20:13 : player: played "jinsang/solitude/jinsang - solitude. - 14 night breeze.mp3"
Apr 01 20:15 : player: played "jinsang/solitude/jinsang - solitude. - 15 quiet.mp3"
Apr 01 20:17 : player: played "jinsang/solitude/jinsang - solitude. - 16 aurora..mp3"
Apr 01 20:19 : player: played "jinsang/solitude/jinsang - solitude. - 17 abandoned..mp3"
Apr 01 20:20 : player: played "jinsang/solitude/jinsang - solitude. - 18 thoughts..mp3"
Apr 01 20:23 : player: played "jinsang/solitude/jinsang - solitude. - 19 midnight..mp3"
Apr 01 20:25 : player: played "jinsang/solitude/jinsang - solitude. - 20 wander..mp3"
Apr 01 20:27 : player: played "jinsang/solitude/jinsang - solitude. - 21 blade.mp3"
Apr 01 20:29 : player: played "jinsang/solitude/jinsang - solitude. - 22 regret.mp3"
Apr 01 20:32 : player: played "jinsang/solitude/jinsang - solitude. - 23 smile from u..mp3"
Apr 01 20:34 : player: played "jinsang/solitude/jinsang - solitude. - 24 sleep.mp3"
Apr 01 20:35 : player: played "jinsang/solitude/jinsang - solitude. - 25 undersea..mp3"
Apr 01 20:37 : player: played "jinsang/solitude/jinsang - solitude. - 26 betrayal.mp3"
Apr 01 20:39 : player: played "jinsang/summers_day/jinsang - summer's day -flips- - 01 summer's day -v1-.mp3"
Apr 01 20:42 : player: played "jinsang/summers_day/jinsang - summer's day -flips- - 02 summer's day -v2-.mp3"
Apr 01 23:02 : player: played "jinsang/summers_day/jinsang - summer's day -flips- - 02 summer's day -v2-.mp3"
Apr 01 23:04 : player: played "caleb_belkin/Caleb Belkin - 2am.mp3"
Apr 01 23:05 : player: played "caleb_belkin/Caleb Belkin - flowers (Caleb Belkin x with U').mp3"
Apr 01 23:08 : player: played "caleb_belkin/Caleb Belkin - for her..mp3"
Apr 01 23:11 : player: played "caleb_belkin/Caleb Belkin - I fall in love, too easily.mp3"
Apr 01 23:13 : player: played "caleb_belkin/Caleb Belkin - Life.mp3"
Apr 01 23:15 : player: played "caleb_belkin/Caleb Belkin - Lost Samurai.mp3"
Apr 01 23:17 : player: played "caleb_belkin/Caleb Belkin - Midnight.mp3"
Apr 01 23:19 : player: played "caleb_belkin/Caleb Belkin - Paradise.mp3"
Apr 01 23:21 : player: played "caleb_belkin/Caleb Belkin - reminisce.mp3"
Apr 01 23:23 : player: played "caleb_belkin/Caleb Belkin - snow flakes.mp3"
Apr 01 23:24 : player: played "caleb_belkin/Caleb Belkin - thinking of u..mp3"
Apr 01 23:26 : player: played "caleb_belkin/Caleb Belkin - Water.mp3"
Apr 01 23:27 : player: played "caleb_belkin/bliss/Caleb Belkin - Bliss - 01 Diamonds.mp3"
Apr 01 23:28 : player: played "caleb_belkin/bliss/Caleb Belkin - Bliss - 02 Gardens.mp3"
Apr 01 23:30 : player: played "caleb_belkin/bliss/Caleb Belkin - Bliss - 03 Winter.mp3"
Apr 01 23:32 : player: played "caleb_belkin/bliss/Caleb Belkin - Bliss - 04 9-22.mp3"
Apr 01 23:33 : player: played "caleb_belkin/bliss/Caleb Belkin - Bliss - 05 Lauren.mp3"
Apr 01 23:35 : player: played "caleb_belkin/bliss/Caleb Belkin - Bliss - 06 Grean Tea.mp3"
Apr 01 23:36 : player: played "caleb_belkin/bliss/Caleb Belkin - Bliss - 07 Breathe Easy.mp3"
